{"src/Gestures.js":{"path":"src/Gestures.js","s":{"1":1,"2":1,"3":0,"4":1,"5":1,"6":0,"7":1,"8":23,"9":23,"10":23,"11":1,"12":0,"13":1,"14":1,"15":1,"16":5,"17":1,"18":4,"19":1,"20":4,"21":3,"22":3,"23":3,"24":1,"25":0,"26":1,"27":1,"28":8,"29":8,"30":8,"31":8,"32":8,"33":8,"34":8,"35":8,"36":8,"37":8,"38":8,"39":8,"40":8,"41":1,"42":1,"43":1,"44":8,"45":8,"46":8,"47":10,"48":10,"49":10,"50":10,"51":10,"52":1,"53":141,"54":8,"55":8,"56":8,"57":8,"58":133,"59":169,"60":169,"61":133,"62":133,"63":133,"64":8,"65":54,"66":8,"67":8,"68":1,"69":7,"70":7,"71":1,"72":7,"73":7,"74":7,"75":0,"76":7,"77":9,"78":9,"79":3,"80":6,"81":2,"82":2,"83":2,"84":2,"85":7,"86":7,"87":1,"88":2,"89":2,"90":1,"91":1,"92":1,"93":1,"94":1,"95":1,"96":33,"97":1,"98":32,"99":32,"100":0,"101":0,"102":0,"103":0,"104":1},"b":{"1":[0,1],"2":[1,0],"3":[1,1],"4":[23,3],"5":[0,1],"6":[1,4],"7":[1,3],"8":[4,4],"9":[3,1],"10":[4,4],"11":[0,1],"12":[1,1],"13":[3,5],"14":[1,7],"15":[10,0],"16":[8,133],"17":[8,1],"18":[1,7],"19":[7,0],"20":[9,3],"21":[3,6],"22":[2,1],"23":[2,1],"24":[7,1],"25":[1,32]},"f":{"1":1,"2":1,"3":23,"4":1,"5":5,"6":1,"7":8,"8":141,"9":54,"10":8,"11":7,"12":9,"13":2,"14":2,"15":7,"16":1,"17":2,"18":1,"19":1,"20":1,"21":33,"22":0},"fnMap":{"1":{"name":"(anonymous_1)","line":18,"loc":{"start":{"line":18,"column":1},"end":{"line":18,"column":25}}},"2":{"name":"(anonymous_2)","line":28,"loc":{"start":{"line":28,"column":8},"end":{"line":28,"column":38}}},"3":{"name":"(anonymous_3)","line":48,"loc":{"start":{"line":48,"column":15},"end":{"line":48,"column":31}}},"4":{"name":"(anonymous_4)","line":61,"loc":{"start":{"line":61,"column":18},"end":{"line":61,"column":34}}},"5":{"name":"(anonymous_5)","line":77,"loc":{"start":{"line":77,"column":21},"end":{"line":77,"column":44}}},"6":{"name":"(anonymous_6)","line":103,"loc":{"start":{"line":103,"column":14},"end":{"line":103,"column":32}}},"7":{"name":"(anonymous_7)","line":121,"loc":{"start":{"line":121,"column":14},"end":{"line":121,"column":48}}},"8":{"name":"eachSegment","line":157,"loc":{"start":{"line":157,"column":12},"end":{"line":157,"column":35}}},"9":{"name":"(anonymous_9)","line":183,"loc":{"start":{"line":183,"column":17},"end":{"line":183,"column":28}}},"10":{"name":"(anonymous_10)","line":194,"loc":{"start":{"line":194,"column":14},"end":{"line":194,"column":39}}},"11":{"name":"checkDone","line":203,"loc":{"start":{"line":203,"column":12},"end":{"line":203,"column":33}}},"12":{"name":"(anonymous_12)","line":225,"loc":{"start":{"line":225,"column":13},"end":{"line":225,"column":29}}},"13":{"name":"(anonymous_13)","line":243,"loc":{"start":{"line":243,"column":19},"end":{"line":243,"column":56}}},"14":{"name":"(anonymous_14)","line":256,"loc":{"start":{"line":256,"column":14},"end":{"line":256,"column":46}}},"15":{"name":"(anonymous_15)","line":271,"loc":{"start":{"line":271,"column":15},"end":{"line":271,"column":31}}},"16":{"name":"(anonymous_16)","line":287,"loc":{"start":{"line":287,"column":17},"end":{"line":287,"column":62}}},"17":{"name":"(anonymous_17)","line":298,"loc":{"start":{"line":298,"column":17},"end":{"line":298,"column":42}}},"18":{"name":"(anonymous_18)","line":310,"loc":{"start":{"line":310,"column":19},"end":{"line":310,"column":44}}},"19":{"name":"(anonymous_19)","line":321,"loc":{"start":{"line":321,"column":18},"end":{"line":321,"column":43}}},"20":{"name":"(anonymous_20)","line":332,"loc":{"start":{"line":332,"column":17},"end":{"line":332,"column":42}}},"21":{"name":"(anonymous_21)","line":345,"loc":{"start":{"line":345,"column":14},"end":{"line":345,"column":35}}},"22":{"name":"(anonymous_22)","line":363,"loc":{"start":{"line":363,"column":15},"end":{"line":363,"column":45}}}},"statementMap":{"1":{"start":{"line":18,"column":0},"end":{"line":372,"column":4}},"2":{"start":{"line":19,"column":4},"end":{"line":27,"column":5}},"3":{"start":{"line":20,"column":8},"end":{"line":20,"column":69}},"4":{"start":{"line":22,"column":9},"end":{"line":27,"column":5}},"5":{"start":{"line":23,"column":8},"end":{"line":23,"column":69}},"6":{"start":{"line":26,"column":8},"end":{"line":26,"column":58}},"7":{"start":{"line":36,"column":4},"end":{"line":369,"column":6}},"8":{"start":{"line":49,"column":12},"end":{"line":49,"column":60}},"9":{"start":{"line":50,"column":12},"end":{"line":50,"column":35}},"10":{"start":{"line":51,"column":12},"end":{"line":51,"column":33}},"11":{"start":{"line":62,"column":12},"end":{"line":64,"column":13}},"12":{"start":{"line":63,"column":16},"end":{"line":63,"column":90}},"13":{"start":{"line":65,"column":12},"end":{"line":65,"column":46}},"14":{"start":{"line":66,"column":12},"end":{"line":66,"column":54}},"15":{"start":{"line":67,"column":12},"end":{"line":67,"column":33}},"16":{"start":{"line":78,"column":12},"end":{"line":80,"column":13}},"17":{"start":{"line":79,"column":16},"end":{"line":79,"column":23}},"18":{"start":{"line":83,"column":12},"end":{"line":85,"column":13}},"19":{"start":{"line":84,"column":16},"end":{"line":84,"column":55}},"20":{"start":{"line":87,"column":12},"end":{"line":91,"column":13}},"21":{"start":{"line":88,"column":16},"end":{"line":88,"column":53}},"22":{"start":{"line":89,"column":16},"end":{"line":89,"column":44}},"23":{"start":{"line":90,"column":16},"end":{"line":90,"column":51}},"24":{"start":{"line":104,"column":12},"end":{"line":106,"column":13}},"25":{"start":{"line":105,"column":16},"end":{"line":105,"column":78}},"26":{"start":{"line":107,"column":12},"end":{"line":107,"column":37}},"27":{"start":{"line":108,"column":12},"end":{"line":108,"column":32}},"28":{"start":{"line":122,"column":12},"end":{"line":122,"column":28}},"29":{"start":{"line":123,"column":12},"end":{"line":123,"column":28}},"30":{"start":{"line":124,"column":12},"end":{"line":124,"column":23}},"31":{"start":{"line":125,"column":12},"end":{"line":125,"column":23}},"32":{"start":{"line":126,"column":12},"end":{"line":126,"column":30}},"33":{"start":{"line":127,"column":12},"end":{"line":127,"column":25}},"34":{"start":{"line":128,"column":12},"end":{"line":128,"column":22}},"35":{"start":{"line":129,"column":12},"end":{"line":129,"column":22}},"36":{"start":{"line":130,"column":12},"end":{"line":130,"column":22}},"37":{"start":{"line":131,"column":12},"end":{"line":131,"column":24}},"38":{"start":{"line":133,"column":12},"end":{"line":133,"column":89}},"39":{"start":{"line":134,"column":12},"end":{"line":134,"column":55}},"40":{"start":{"line":137,"column":12},"end":{"line":141,"column":13}},"41":{"start":{"line":138,"column":16},"end":{"line":138,"column":41}},"42":{"start":{"line":139,"column":16},"end":{"line":139,"column":36}},"43":{"start":{"line":140,"column":16},"end":{"line":140,"column":23}},"44":{"start":{"line":143,"column":12},"end":{"line":143,"column":55}},"45":{"start":{"line":144,"column":12},"end":{"line":144,"column":38}},"46":{"start":{"line":145,"column":12},"end":{"line":155,"column":13}},"47":{"start":{"line":146,"column":16},"end":{"line":146,"column":40}},"48":{"start":{"line":147,"column":16},"end":{"line":154,"column":17}},"49":{"start":{"line":148,"column":20},"end":{"line":148,"column":66}},"50":{"start":{"line":149,"column":20},"end":{"line":149,"column":66}},"51":{"start":{"line":150,"column":20},"end":{"line":153,"column":23}},"52":{"start":{"line":157,"column":12},"end":{"line":173,"column":13}},"53":{"start":{"line":158,"column":16},"end":{"line":172,"column":17}},"54":{"start":{"line":159,"column":20},"end":{"line":159,"column":46}},"55":{"start":{"line":160,"column":20},"end":{"line":160,"column":40}},"56":{"start":{"line":161,"column":20},"end":{"line":161,"column":27}},"57":{"start":{"line":162,"column":20},"end":{"line":162,"column":27}},"58":{"start":{"line":165,"column":20},"end":{"line":168,"column":21}},"59":{"start":{"line":166,"column":24},"end":{"line":166,"column":57}},"60":{"start":{"line":167,"column":24},"end":{"line":167,"column":57}},"61":{"start":{"line":169,"column":20},"end":{"line":169,"column":40}},"62":{"start":{"line":170,"column":20},"end":{"line":170,"column":24}},"63":{"start":{"line":171,"column":20},"end":{"line":171,"column":54}},"64":{"start":{"line":174,"column":12},"end":{"line":174,"column":26}},"65":{"start":{"line":184,"column":12},"end":{"line":184,"column":31}},"66":{"start":{"line":195,"column":12},"end":{"line":195,"column":61}},"67":{"start":{"line":196,"column":12},"end":{"line":198,"column":13}},"68":{"start":{"line":197,"column":16},"end":{"line":197,"column":67}},"69":{"start":{"line":200,"column":12},"end":{"line":200,"column":35}},"70":{"start":{"line":201,"column":12},"end":{"line":201,"column":39}},"71":{"start":{"line":203,"column":12},"end":{"line":211,"column":13}},"72":{"start":{"line":204,"column":16},"end":{"line":204,"column":50}},"73":{"start":{"line":205,"column":16},"end":{"line":210,"column":17}},"74":{"start":{"line":206,"column":20},"end":{"line":206,"column":27}},"75":{"start":{"line":209,"column":20},"end":{"line":209,"column":52}},"76":{"start":{"line":212,"column":12},"end":{"line":212,"column":44}},"77":{"start":{"line":226,"column":12},"end":{"line":226,"column":60}},"78":{"start":{"line":227,"column":12},"end":{"line":232,"column":13}},"79":{"start":{"line":228,"column":16},"end":{"line":228,"column":44}},"80":{"start":{"line":231,"column":16},"end":{"line":231,"column":34}},"81":{"start":{"line":244,"column":12},"end":{"line":244,"column":88}},"82":{"start":{"line":245,"column":12},"end":{"line":245,"column":70}},"83":{"start":{"line":257,"column":12},"end":{"line":257,"column":69}},"84":{"start":{"line":258,"column":12},"end":{"line":258,"column":66}},"85":{"start":{"line":272,"column":12},"end":{"line":272,"column":69}},"86":{"start":{"line":273,"column":12},"end":{"line":273,"column":33}},"87":{"start":{"line":288,"column":12},"end":{"line":288,"column":79}},"88":{"start":{"line":299,"column":12},"end":{"line":299,"column":54}},"89":{"start":{"line":300,"column":12},"end":{"line":300,"column":75}},"90":{"start":{"line":311,"column":12},"end":{"line":311,"column":54}},"91":{"start":{"line":312,"column":12},"end":{"line":312,"column":75}},"92":{"start":{"line":322,"column":12},"end":{"line":322,"column":54}},"93":{"start":{"line":323,"column":12},"end":{"line":323,"column":75}},"94":{"start":{"line":333,"column":12},"end":{"line":333,"column":54}},"95":{"start":{"line":334,"column":12},"end":{"line":334,"column":75}},"96":{"start":{"line":346,"column":12},"end":{"line":352,"column":13}},"97":{"start":{"line":347,"column":16},"end":{"line":347,"column":27}},"98":{"start":{"line":350,"column":16},"end":{"line":350,"column":23}},"99":{"start":{"line":351,"column":16},"end":{"line":351,"column":23}},"100":{"start":{"line":364,"column":12},"end":{"line":364,"column":46}},"101":{"start":{"line":365,"column":12},"end":{"line":365,"column":54}},"102":{"start":{"line":366,"column":12},"end":{"line":366,"column":49}},"103":{"start":{"line":367,"column":12},"end":{"line":367,"column":19}},"104":{"start":{"line":371,"column":4},"end":{"line":371,"column":20}}},"branchMap":{"1":{"line":19,"type":"if","locations":[{"start":{"line":19,"column":4},"end":{"line":19,"column":4}},{"start":{"line":19,"column":4},"end":{"line":19,"column":4}}]},"2":{"line":22,"type":"if","locations":[{"start":{"line":22,"column":9},"end":{"line":22,"column":9}},{"start":{"line":22,"column":9},"end":{"line":22,"column":9}}]},"3":{"line":22,"type":"binary-expr","locations":[{"start":{"line":22,"column":13},"end":{"line":22,"column":41}},{"start":{"line":22,"column":45},"end":{"line":22,"column":55}}]},"4":{"line":49,"type":"binary-expr","locations":[{"start":{"line":49,"column":20},"end":{"line":49,"column":25}},{"start":{"line":49,"column":29},"end":{"line":49,"column":59}}]},"5":{"line":62,"type":"if","locations":[{"start":{"line":62,"column":12},"end":{"line":62,"column":12}},{"start":{"line":62,"column":12},"end":{"line":62,"column":12}}]},"6":{"line":78,"type":"if","locations":[{"start":{"line":78,"column":12},"end":{"line":78,"column":12}},{"start":{"line":78,"column":12},"end":{"line":78,"column":12}}]},"7":{"line":83,"type":"if","locations":[{"start":{"line":83,"column":12},"end":{"line":83,"column":12}},{"start":{"line":83,"column":12},"end":{"line":83,"column":12}}]},"8":{"line":83,"type":"binary-expr","locations":[{"start":{"line":83,"column":16},"end":{"line":83,"column":34}},{"start":{"line":83,"column":38},"end":{"line":83,"column":51}}]},"9":{"line":87,"type":"if","locations":[{"start":{"line":87,"column":12},"end":{"line":87,"column":12}},{"start":{"line":87,"column":12},"end":{"line":87,"column":12}}]},"10":{"line":87,"type":"binary-expr","locations":[{"start":{"line":87,"column":16},"end":{"line":87,"column":33}},{"start":{"line":87,"column":37},"end":{"line":87,"column":71}}]},"11":{"line":104,"type":"if","locations":[{"start":{"line":104,"column":12},"end":{"line":104,"column":12}},{"start":{"line":104,"column":12},"end":{"line":104,"column":12}}]},"12":{"line":104,"type":"binary-expr","locations":[{"start":{"line":104,"column":16},"end":{"line":104,"column":29}},{"start":{"line":104,"column":33},"end":{"line":104,"column":58}}]},"13":{"line":133,"type":"cond-expr","locations":[{"start":{"line":133,"column":51},"end":{"line":133,"column":59}},{"start":{"line":133,"column":62},"end":{"line":133,"column":87}}]},"14":{"line":137,"type":"if","locations":[{"start":{"line":137,"column":12},"end":{"line":137,"column":12}},{"start":{"line":137,"column":12},"end":{"line":137,"column":12}}]},"15":{"line":147,"type":"if","locations":[{"start":{"line":147,"column":16},"end":{"line":147,"column":16}},{"start":{"line":147,"column":16},"end":{"line":147,"column":16}}]},"16":{"line":158,"type":"if","locations":[{"start":{"line":158,"column":16},"end":{"line":158,"column":16}},{"start":{"line":158,"column":16},"end":{"line":158,"column":16}}]},"17":{"line":195,"type":"binary-expr","locations":[{"start":{"line":195,"column":23},"end":{"line":195,"column":31}},{"start":{"line":195,"column":35},"end":{"line":195,"column":60}}]},"18":{"line":196,"type":"if","locations":[{"start":{"line":196,"column":12},"end":{"line":196,"column":12}},{"start":{"line":196,"column":12},"end":{"line":196,"column":12}}]},"19":{"line":205,"type":"if","locations":[{"start":{"line":205,"column":16},"end":{"line":205,"column":16}},{"start":{"line":205,"column":16},"end":{"line":205,"column":16}}]},"20":{"line":226,"type":"binary-expr","locations":[{"start":{"line":226,"column":20},"end":{"line":226,"column":25}},{"start":{"line":226,"column":29},"end":{"line":226,"column":59}}]},"21":{"line":227,"type":"if","locations":[{"start":{"line":227,"column":12},"end":{"line":227,"column":12}},{"start":{"line":227,"column":12},"end":{"line":227,"column":12}}]},"22":{"line":244,"type":"binary-expr","locations":[{"start":{"line":244,"column":28},"end":{"line":244,"column":49}},{"start":{"line":244,"column":53},"end":{"line":244,"column":87}}]},"23":{"line":257,"type":"binary-expr","locations":[{"start":{"line":257,"column":23},"end":{"line":257,"column":39}},{"start":{"line":257,"column":43},"end":{"line":257,"column":68}}]},"24":{"line":272,"type":"binary-expr","locations":[{"start":{"line":272,"column":28},"end":{"line":272,"column":33}},{"start":{"line":272,"column":37},"end":{"line":272,"column":67}}]},"25":{"line":346,"type":"if","locations":[{"start":{"line":346,"column":12},"end":{"line":346,"column":12}},{"start":{"line":346,"column":12},"end":{"line":346,"column":12}}]}}},"src/Paw.js":{"path":"src/Paw.js","s":{"1":1,"2":1,"3":0,"4":1,"5":1,"6":0,"7":1,"8":1,"9":1,"10":44,"11":44,"12":44,"13":1,"14":1,"15":44,"16":44,"17":44,"18":44,"19":44,"20":44,"21":44,"22":44,"23":43,"24":42,"25":43,"26":46,"27":42,"28":44,"29":44,"30":44,"31":44,"32":44,"33":44,"34":1,"35":10,"36":1,"37":4,"38":1,"39":3,"40":1,"41":9,"42":1,"43":3,"44":1,"45":3,"46":2,"47":1,"48":1,"49":1,"50":1,"51":1,"52":3,"53":2,"54":1,"55":3,"56":2,"57":1,"58":40,"59":1,"60":101,"61":97,"62":96,"63":1,"64":235,"65":235,"66":55,"67":235,"68":3,"69":232,"70":57,"71":57,"72":175,"73":175,"74":224,"75":224,"76":224,"77":224,"78":33,"79":33,"80":33,"81":33,"82":33,"83":33,"84":33,"85":33,"86":33,"87":33,"88":33,"89":33,"90":33,"91":33,"92":33,"93":224,"94":40,"95":224,"96":224,"97":1,"98":1,"99":1,"100":7,"101":7,"102":7,"103":7,"104":7,"105":1,"106":24,"107":24,"108":1,"109":54,"110":54,"111":26,"112":26,"113":26,"114":54,"115":54,"116":1,"117":143,"118":143,"119":1,"120":243,"121":243,"122":243,"123":243,"124":189,"125":189,"126":189,"127":243,"128":242,"129":242,"130":235,"131":235,"132":235,"133":242,"134":242,"135":1,"136":1,"137":1,"138":1,"139":1,"140":1,"141":221,"142":221,"143":221,"144":221,"145":221,"146":221,"147":221,"148":221,"149":1,"150":21,"151":21,"152":21,"153":21,"154":21,"155":21,"156":1,"157":7,"158":1,"159":4,"160":1,"161":67,"162":1,"163":8,"164":8,"165":8,"166":3,"167":3,"168":5,"169":2,"170":2,"171":3,"172":1,"173":1,"174":1,"175":4,"176":2,"177":1,"178":1,"179":8,"180":2,"181":6,"182":1,"183":53,"184":53,"185":1,"186":52,"187":31,"188":52,"189":52,"190":64,"191":64,"192":62,"193":2,"194":2,"195":2,"196":2,"197":2,"198":2,"199":52,"200":1,"201":94,"202":54,"203":54,"204":40,"205":40,"206":1,"207":95,"208":4,"209":91,"210":91,"211":0,"212":1,"213":95,"214":4,"215":91,"216":91,"217":0,"218":1,"219":95,"220":1},"b":{"1":[0,1],"2":[1,0],"3":[1,1],"4":[1,0],"5":[44,0],"6":[44,0,0],"7":[43,1],"8":[42,1],"9":[42,4],"10":[2,1],"11":[3,3],"12":[2,1],"13":[2,1],"14":[96,1],"15":[3,232],"16":[57,175],"17":[232,175],"18":[33,191],"19":[40,184],"20":[1,223],"21":[26,28],"22":[189,54],"23":[242,1],"24":[54,167],"25":[221,167],"26":[221,185],"27":[21,21],"28":[7,7,3,3],"29":[4,2,0,0],"30":[67,19,19,18,18],"31":[3,5],"32":[2,3],"33":[1,2],"34":[3,1],"35":[1,1],"36":[2,6],"37":[8,7],"38":[1,52],"39":[31,21],"40":[62,2],"41":[64,46],"42":[54,40],"43":[4,91],"44":[95,95],"45":[91,0],"46":[91,91,91,91],"47":[4,91],"48":[95,95],"49":[91,0],"50":[91,91,91,91]},"f":{"1":1,"2":1,"3":44,"4":44,"5":10,"6":4,"7":3,"8":9,"9":3,"10":3,"11":1,"12":1,"13":3,"14":3,"15":40,"16":101,"17":235,"18":55,"19":7,"20":24,"21":54,"22":143,"23":243,"24":221,"25":21,"26":7,"27":4,"28":67,"29":8,"30":4,"31":53,"32":94,"33":95,"34":95,"35":95},"fnMap":{"1":{"name":"(anonymous_1)","line":18,"loc":{"start":{"line":18,"column":1},"end":{"line":18,"column":25}}},"2":{"name":"(anonymous_2)","line":28,"loc":{"start":{"line":28,"column":8},"end":{"line":28,"column":52}}},"3":{"name":"(anonymous_3)","line":39,"loc":{"start":{"line":39,"column":24},"end":{"line":39,"column":39}}},"4":{"name":"Paw","line":65,"loc":{"start":{"line":65,"column":4},"end":{"line":65,"column":25}}},"5":{"name":"(anonymous_5)","line":107,"loc":{"start":{"line":107,"column":44},"end":{"line":107,"column":55}}},"6":{"name":"(anonymous_6)","line":111,"loc":{"start":{"line":111,"column":45},"end":{"line":111,"column":56}}},"7":{"name":"(anonymous_7)","line":115,"loc":{"start":{"line":115,"column":45},"end":{"line":115,"column":56}}},"8":{"name":"(anonymous_8)","line":119,"loc":{"start":{"line":119,"column":39},"end":{"line":119,"column":50}}},"9":{"name":"(anonymous_9)","line":123,"loc":{"start":{"line":123,"column":48},"end":{"line":123,"column":59}}},"10":{"name":"(anonymous_10)","line":130,"loc":{"start":{"line":130,"column":44},"end":{"line":130,"column":60}}},"11":{"name":"(anonymous_11)","line":139,"loc":{"start":{"line":139,"column":45},"end":{"line":139,"column":76}}},"12":{"name":"(anonymous_12)","line":146,"loc":{"start":{"line":146,"column":45},"end":{"line":146,"column":76}}},"13":{"name":"(anonymous_13)","line":153,"loc":{"start":{"line":153,"column":39},"end":{"line":153,"column":58}}},"14":{"name":"(anonymous_14)","line":162,"loc":{"start":{"line":162,"column":48},"end":{"line":162,"column":67}}},"15":{"name":"(anonymous_15)","line":172,"loc":{"start":{"line":172,"column":26},"end":{"line":172,"column":40}}},"16":{"name":"(anonymous_16)","line":176,"loc":{"start":{"line":176,"column":41},"end":{"line":176,"column":52}}},"17":{"name":"(anonymous_17)","line":189,"loc":{"start":{"line":189,"column":36},"end":{"line":189,"column":54}}},"18":{"name":"(anonymous_18)","line":192,"loc":{"start":{"line":192,"column":18},"end":{"line":192,"column":29}}},"19":{"name":"(anonymous_19)","line":237,"loc":{"start":{"line":237,"column":34},"end":{"line":237,"column":45}}},"20":{"name":"(anonymous_20)","line":245,"loc":{"start":{"line":245,"column":34},"end":{"line":245,"column":45}}},"21":{"name":"(anonymous_21)","line":250,"loc":{"start":{"line":250,"column":32},"end":{"line":250,"column":43}}},"22":{"name":"(anonymous_22)","line":261,"loc":{"start":{"line":261,"column":33},"end":{"line":261,"column":44}}},"23":{"name":"(anonymous_23)","line":275,"loc":{"start":{"line":275,"column":37},"end":{"line":275,"column":54}}},"24":{"name":"(anonymous_24)","line":327,"loc":{"start":{"line":327,"column":34},"end":{"line":327,"column":49}}},"25":{"name":"(anonymous_25)","line":344,"loc":{"start":{"line":344,"column":34},"end":{"line":344,"column":49}}},"26":{"name":"(anonymous_26)","line":358,"loc":{"start":{"line":358,"column":30},"end":{"line":358,"column":44}}},"27":{"name":"(anonymous_27)","line":365,"loc":{"start":{"line":365,"column":35},"end":{"line":365,"column":49}}},"28":{"name":"(anonymous_28)","line":372,"loc":{"start":{"line":372,"column":28},"end":{"line":372,"column":42}}},"29":{"name":"(anonymous_29)","line":382,"loc":{"start":{"line":382,"column":33},"end":{"line":382,"column":47}}},"30":{"name":"(anonymous_30)","line":398,"loc":{"start":{"line":398,"column":21},"end":{"line":398,"column":37}}},"31":{"name":"(anonymous_31)","line":417,"loc":{"start":{"line":417,"column":34},"end":{"line":417,"column":50}}},"32":{"name":"(anonymous_32)","line":463,"loc":{"start":{"line":463,"column":31},"end":{"line":463,"column":49}}},"33":{"name":"(anonymous_33)","line":472,"loc":{"start":{"line":472,"column":37},"end":{"line":472,"column":48}}},"34":{"name":"(anonymous_34)","line":484,"loc":{"start":{"line":484,"column":38},"end":{"line":484,"column":49}}},"35":{"name":"(anonymous_35)","line":496,"loc":{"start":{"line":496,"column":42},"end":{"line":496,"column":53}}}},"statementMap":{"1":{"start":{"line":18,"column":0},"end":{"line":504,"column":4}},"2":{"start":{"line":19,"column":4},"end":{"line":27,"column":5}},"3":{"start":{"line":20,"column":8},"end":{"line":20,"column":113}},"4":{"start":{"line":22,"column":9},"end":{"line":27,"column":5}},"5":{"start":{"line":23,"column":8},"end":{"line":23,"column":90}},"6":{"start":{"line":26,"column":8},"end":{"line":26,"column":77}},"7":{"start":{"line":32,"column":4},"end":{"line":32,"column":129}},"8":{"start":{"line":38,"column":4},"end":{"line":44,"column":5}},"9":{"start":{"line":39,"column":8},"end":{"line":43,"column":10}},"10":{"start":{"line":40,"column":12},"end":{"line":40,"column":24}},"11":{"start":{"line":41,"column":12},"end":{"line":41,"column":44}},"12":{"start":{"line":42,"column":12},"end":{"line":42,"column":27}},"13":{"start":{"line":49,"column":4},"end":{"line":54,"column":6}},"14":{"start":{"line":65,"column":4},"end":{"line":105,"column":5}},"15":{"start":{"line":66,"column":8},"end":{"line":66,"column":32}},"16":{"start":{"line":67,"column":8},"end":{"line":67,"column":43}},"17":{"start":{"line":68,"column":8},"end":{"line":68,"column":26}},"18":{"start":{"line":69,"column":8},"end":{"line":69,"column":34}},"19":{"start":{"line":70,"column":8},"end":{"line":70,"column":137}},"20":{"start":{"line":71,"column":8},"end":{"line":71,"column":34}},"21":{"start":{"line":72,"column":8},"end":{"line":72,"column":44}},"22":{"start":{"line":73,"column":8},"end":{"line":82,"column":9}},"23":{"start":{"line":74,"column":12},"end":{"line":76,"column":13}},"24":{"start":{"line":75,"column":16},"end":{"line":75,"column":34}},"25":{"start":{"line":77,"column":12},"end":{"line":81,"column":13}},"26":{"start":{"line":78,"column":16},"end":{"line":80,"column":17}},"27":{"start":{"line":79,"column":20},"end":{"line":79,"column":57}},"28":{"start":{"line":83,"column":8},"end":{"line":83,"column":36}},"29":{"start":{"line":86,"column":8},"end":{"line":86,"column":51}},"30":{"start":{"line":89,"column":8},"end":{"line":92,"column":10}},"31":{"start":{"line":95,"column":8},"end":{"line":98,"column":10}},"32":{"start":{"line":101,"column":8},"end":{"line":101,"column":36}},"33":{"start":{"line":104,"column":8},"end":{"line":104,"column":47}},"34":{"start":{"line":107,"column":4},"end":{"line":109,"column":6}},"35":{"start":{"line":108,"column":8},"end":{"line":108,"column":43}},"36":{"start":{"line":111,"column":4},"end":{"line":113,"column":6}},"37":{"start":{"line":112,"column":8},"end":{"line":112,"column":44}},"38":{"start":{"line":115,"column":4},"end":{"line":117,"column":6}},"39":{"start":{"line":116,"column":8},"end":{"line":116,"column":44}},"40":{"start":{"line":119,"column":4},"end":{"line":121,"column":6}},"41":{"start":{"line":120,"column":8},"end":{"line":120,"column":37}},"42":{"start":{"line":123,"column":4},"end":{"line":125,"column":6}},"43":{"start":{"line":124,"column":8},"end":{"line":124,"column":48}},"44":{"start":{"line":130,"column":4},"end":{"line":134,"column":6}},"45":{"start":{"line":131,"column":8},"end":{"line":133,"column":9}},"46":{"start":{"line":132,"column":12},"end":{"line":132,"column":48}},"47":{"start":{"line":139,"column":4},"end":{"line":141,"column":6}},"48":{"start":{"line":140,"column":8},"end":{"line":140,"column":60}},"49":{"start":{"line":146,"column":4},"end":{"line":148,"column":6}},"50":{"start":{"line":147,"column":8},"end":{"line":147,"column":60}},"51":{"start":{"line":153,"column":4},"end":{"line":157,"column":6}},"52":{"start":{"line":154,"column":8},"end":{"line":156,"column":9}},"53":{"start":{"line":155,"column":12},"end":{"line":155,"column":45}},"54":{"start":{"line":162,"column":4},"end":{"line":166,"column":6}},"55":{"start":{"line":163,"column":8},"end":{"line":165,"column":9}},"56":{"start":{"line":164,"column":12},"end":{"line":164,"column":56}},"57":{"start":{"line":172,"column":4},"end":{"line":174,"column":6}},"58":{"start":{"line":173,"column":8},"end":{"line":173,"column":47}},"59":{"start":{"line":176,"column":4},"end":{"line":182,"column":6}},"60":{"start":{"line":177,"column":8},"end":{"line":181,"column":9}},"61":{"start":{"line":178,"column":12},"end":{"line":180,"column":13}},"62":{"start":{"line":179,"column":16},"end":{"line":179,"column":58}},"63":{"start":{"line":189,"column":4},"end":{"line":235,"column":6}},"64":{"start":{"line":190,"column":8},"end":{"line":191,"column":34}},"65":{"start":{"line":192,"column":8},"end":{"line":194,"column":10}},"66":{"start":{"line":193,"column":12},"end":{"line":193,"column":40}},"67":{"start":{"line":195,"column":8},"end":{"line":197,"column":9}},"68":{"start":{"line":196,"column":12},"end":{"line":196,"column":19}},"69":{"start":{"line":198,"column":8},"end":{"line":201,"column":9}},"70":{"start":{"line":199,"column":12},"end":{"line":199,"column":32}},"71":{"start":{"line":200,"column":12},"end":{"line":200,"column":19}},"72":{"start":{"line":202,"column":8},"end":{"line":202,"column":29}},"73":{"start":{"line":204,"column":8},"end":{"line":234,"column":9}},"74":{"start":{"line":205,"column":12},"end":{"line":205,"column":31}},"75":{"start":{"line":206,"column":12},"end":{"line":206,"column":34}},"76":{"start":{"line":207,"column":12},"end":{"line":207,"column":41}},"77":{"start":{"line":208,"column":12},"end":{"line":224,"column":13}},"78":{"start":{"line":209,"column":16},"end":{"line":209,"column":51}},"79":{"start":{"line":210,"column":16},"end":{"line":210,"column":46}},"80":{"start":{"line":211,"column":16},"end":{"line":211,"column":45}},"81":{"start":{"line":212,"column":16},"end":{"line":212,"column":27}},"82":{"start":{"line":213,"column":16},"end":{"line":213,"column":40}},"83":{"start":{"line":214,"column":16},"end":{"line":214,"column":47}},"84":{"start":{"line":215,"column":16},"end":{"line":215,"column":37}},"85":{"start":{"line":216,"column":16},"end":{"line":216,"column":38}},"86":{"start":{"line":217,"column":16},"end":{"line":217,"column":41}},"87":{"start":{"line":218,"column":16},"end":{"line":218,"column":41}},"88":{"start":{"line":219,"column":16},"end":{"line":219,"column":40}},"89":{"start":{"line":220,"column":16},"end":{"line":220,"column":49}},"90":{"start":{"line":221,"column":16},"end":{"line":221,"column":54}},"91":{"start":{"line":222,"column":16},"end":{"line":222,"column":47}},"92":{"start":{"line":223,"column":16},"end":{"line":223,"column":48}},"93":{"start":{"line":225,"column":12},"end":{"line":227,"column":13}},"94":{"start":{"line":226,"column":16},"end":{"line":226,"column":41}},"95":{"start":{"line":228,"column":12},"end":{"line":228,"column":97}},"96":{"start":{"line":230,"column":12},"end":{"line":233,"column":13}},"97":{"start":{"line":231,"column":16},"end":{"line":231,"column":41}},"98":{"start":{"line":232,"column":16},"end":{"line":232,"column":77}},"99":{"start":{"line":237,"column":4},"end":{"line":243,"column":6}},"100":{"start":{"line":238,"column":8},"end":{"line":238,"column":43}},"101":{"start":{"line":239,"column":8},"end":{"line":239,"column":36}},"102":{"start":{"line":240,"column":8},"end":{"line":240,"column":34}},"103":{"start":{"line":241,"column":8},"end":{"line":241,"column":36}},"104":{"start":{"line":242,"column":8},"end":{"line":242,"column":31}},"105":{"start":{"line":245,"column":4},"end":{"line":248,"column":6}},"106":{"start":{"line":246,"column":8},"end":{"line":246,"column":43}},"107":{"start":{"line":247,"column":8},"end":{"line":247,"column":36}},"108":{"start":{"line":250,"column":4},"end":{"line":259,"column":6}},"109":{"start":{"line":251,"column":8},"end":{"line":251,"column":34}},"110":{"start":{"line":252,"column":8},"end":{"line":256,"column":9}},"111":{"start":{"line":253,"column":12},"end":{"line":253,"column":40}},"112":{"start":{"line":254,"column":12},"end":{"line":254,"column":65}},"113":{"start":{"line":255,"column":12},"end":{"line":255,"column":30}},"114":{"start":{"line":257,"column":8},"end":{"line":257,"column":26}},"115":{"start":{"line":258,"column":8},"end":{"line":258,"column":31}},"116":{"start":{"line":261,"column":4},"end":{"line":264,"column":6}},"117":{"start":{"line":262,"column":8},"end":{"line":262,"column":35}},"118":{"start":{"line":263,"column":8},"end":{"line":263,"column":43}},"119":{"start":{"line":275,"column":4},"end":{"line":320,"column":6}},"120":{"start":{"line":276,"column":8},"end":{"line":276,"column":32}},"121":{"start":{"line":277,"column":8},"end":{"line":277,"column":18}},"122":{"start":{"line":278,"column":8},"end":{"line":278,"column":18}},"123":{"start":{"line":281,"column":8},"end":{"line":285,"column":9}},"124":{"start":{"line":282,"column":12},"end":{"line":282,"column":30}},"125":{"start":{"line":283,"column":12},"end":{"line":283,"column":65}},"126":{"start":{"line":284,"column":12},"end":{"line":284,"column":30}},"127":{"start":{"line":287,"column":8},"end":{"line":319,"column":9}},"128":{"start":{"line":288,"column":12},"end":{"line":288,"column":30}},"129":{"start":{"line":289,"column":12},"end":{"line":299,"column":13}},"130":{"start":{"line":290,"column":16},"end":{"line":290,"column":34}},"131":{"start":{"line":291,"column":16},"end":{"line":296,"column":18}},"132":{"start":{"line":298,"column":16},"end":{"line":298,"column":37}},"133":{"start":{"line":300,"column":12},"end":{"line":300,"column":76}},"134":{"start":{"line":301,"column":12},"end":{"line":301,"column":26}},"135":{"start":{"line":304,"column":12},"end":{"line":304,"column":31}},"136":{"start":{"line":305,"column":12},"end":{"line":317,"column":13}},"137":{"start":{"line":306,"column":16},"end":{"line":306,"column":34}},"138":{"start":{"line":307,"column":16},"end":{"line":316,"column":19}},"139":{"start":{"line":318,"column":12},"end":{"line":318,"column":29}},"140":{"start":{"line":327,"column":4},"end":{"line":337,"column":6}},"141":{"start":{"line":328,"column":8},"end":{"line":328,"column":50}},"142":{"start":{"line":329,"column":8},"end":{"line":329,"column":105}},"143":{"start":{"line":331,"column":8},"end":{"line":331,"column":52}},"144":{"start":{"line":332,"column":8},"end":{"line":332,"column":34}},"145":{"start":{"line":333,"column":8},"end":{"line":333,"column":40}},"146":{"start":{"line":334,"column":8},"end":{"line":334,"column":41}},"147":{"start":{"line":335,"column":8},"end":{"line":335,"column":53}},"148":{"start":{"line":336,"column":8},"end":{"line":336,"column":49}},"149":{"start":{"line":344,"column":4},"end":{"line":356,"column":6}},"150":{"start":{"line":345,"column":8},"end":{"line":345,"column":60}},"151":{"start":{"line":346,"column":8},"end":{"line":355,"column":9}},"152":{"start":{"line":347,"column":12},"end":{"line":347,"column":56}},"153":{"start":{"line":348,"column":12},"end":{"line":351,"column":25}},"154":{"start":{"line":353,"column":12},"end":{"line":353,"column":110}},"155":{"start":{"line":354,"column":12},"end":{"line":354,"column":43}},"156":{"start":{"line":358,"column":4},"end":{"line":363,"column":6}},"157":{"start":{"line":359,"column":8},"end":{"line":362,"column":31}},"158":{"start":{"line":365,"column":4},"end":{"line":370,"column":6}},"159":{"start":{"line":366,"column":8},"end":{"line":369,"column":36}},"160":{"start":{"line":372,"column":4},"end":{"line":378,"column":6}},"161":{"start":{"line":373,"column":8},"end":{"line":377,"column":32}},"162":{"start":{"line":382,"column":4},"end":{"line":412,"column":6}},"163":{"start":{"line":383,"column":8},"end":{"line":383,"column":22}},"164":{"start":{"line":384,"column":8},"end":{"line":384,"column":21}},"165":{"start":{"line":385,"column":8},"end":{"line":406,"column":9}},"166":{"start":{"line":386,"column":12},"end":{"line":386,"column":55}},"167":{"start":{"line":387,"column":12},"end":{"line":387,"column":27}},"168":{"start":{"line":390,"column":13},"end":{"line":406,"column":9}},"169":{"start":{"line":391,"column":12},"end":{"line":391,"column":30}},"170":{"start":{"line":392,"column":12},"end":{"line":392,"column":27}},"171":{"start":{"line":395,"column":13},"end":{"line":406,"column":9}},"172":{"start":{"line":396,"column":12},"end":{"line":396,"column":36}},"173":{"start":{"line":397,"column":12},"end":{"line":397,"column":27}},"174":{"start":{"line":398,"column":12},"end":{"line":400,"column":15}},"175":{"start":{"line":399,"column":16},"end":{"line":399,"column":35}},"176":{"start":{"line":403,"column":13},"end":{"line":406,"column":9}},"177":{"start":{"line":404,"column":12},"end":{"line":404,"column":28}},"178":{"start":{"line":405,"column":12},"end":{"line":405,"column":27}},"179":{"start":{"line":408,"column":8},"end":{"line":410,"column":9}},"180":{"start":{"line":409,"column":12},"end":{"line":409,"column":74}},"181":{"start":{"line":411,"column":8},"end":{"line":411,"column":25}},"182":{"start":{"line":417,"column":4},"end":{"line":457,"column":6}},"183":{"start":{"line":418,"column":8},"end":{"line":418,"column":40}},"184":{"start":{"line":419,"column":8},"end":{"line":421,"column":9}},"185":{"start":{"line":420,"column":12},"end":{"line":420,"column":80}},"186":{"start":{"line":424,"column":8},"end":{"line":426,"column":9}},"187":{"start":{"line":425,"column":12},"end":{"line":425,"column":28}},"188":{"start":{"line":429,"column":8},"end":{"line":429,"column":42}},"189":{"start":{"line":431,"column":8},"end":{"line":455,"column":9}},"190":{"start":{"line":432,"column":12},"end":{"line":432,"column":30}},"191":{"start":{"line":435,"column":12},"end":{"line":454,"column":13}},"192":{"start":{"line":436,"column":16},"end":{"line":436,"column":70}},"193":{"start":{"line":441,"column":16},"end":{"line":441,"column":54}},"194":{"start":{"line":442,"column":16},"end":{"line":442,"column":35}},"195":{"start":{"line":445,"column":16},"end":{"line":451,"column":17}},"196":{"start":{"line":446,"column":20},"end":{"line":446,"column":70}},"197":{"start":{"line":447,"column":20},"end":{"line":450,"column":23}},"198":{"start":{"line":452,"column":16},"end":{"line":452,"column":47}},"199":{"start":{"line":456,"column":8},"end":{"line":456,"column":21}},"200":{"start":{"line":463,"column":4},"end":{"line":470,"column":6}},"201":{"start":{"line":464,"column":8},"end":{"line":467,"column":9}},"202":{"start":{"line":465,"column":12},"end":{"line":465,"column":36}},"203":{"start":{"line":466,"column":12},"end":{"line":466,"column":19}},"204":{"start":{"line":468,"column":8},"end":{"line":468,"column":63}},"205":{"start":{"line":469,"column":8},"end":{"line":469,"column":28}},"206":{"start":{"line":472,"column":4},"end":{"line":482,"column":6}},"207":{"start":{"line":473,"column":8},"end":{"line":481,"column":9}},"208":{"start":{"line":474,"column":12},"end":{"line":474,"column":37}},"209":{"start":{"line":476,"column":13},"end":{"line":481,"column":9}},"210":{"start":{"line":477,"column":12},"end":{"line":477,"column":52}},"211":{"start":{"line":480,"column":12},"end":{"line":480,"column":21}},"212":{"start":{"line":484,"column":4},"end":{"line":494,"column":6}},"213":{"start":{"line":485,"column":8},"end":{"line":493,"column":9}},"214":{"start":{"line":486,"column":12},"end":{"line":486,"column":38}},"215":{"start":{"line":488,"column":13},"end":{"line":493,"column":9}},"216":{"start":{"line":489,"column":12},"end":{"line":489,"column":53}},"217":{"start":{"line":492,"column":12},"end":{"line":492,"column":21}},"218":{"start":{"line":496,"column":4},"end":{"line":501,"column":6}},"219":{"start":{"line":497,"column":8},"end":{"line":500,"column":10}},"220":{"start":{"line":503,"column":4},"end":{"line":503,"column":15}}},"branchMap":{"1":{"line":19,"type":"if","locations":[{"start":{"line":19,"column":4},"end":{"line":19,"column":4}},{"start":{"line":19,"column":4},"end":{"line":19,"column":4}}]},"2":{"line":22,"type":"if","locations":[{"start":{"line":22,"column":9},"end":{"line":22,"column":9}},{"start":{"line":22,"column":9},"end":{"line":22,"column":9}}]},"3":{"line":22,"type":"binary-expr","locations":[{"start":{"line":22,"column":13},"end":{"line":22,"column":41}},{"start":{"line":22,"column":45},"end":{"line":22,"column":55}}]},"4":{"line":38,"type":"if","locations":[{"start":{"line":38,"column":4},"end":{"line":38,"column":4}},{"start":{"line":38,"column":4},"end":{"line":38,"column":4}}]},"5":{"line":70,"type":"cond-expr","locations":[{"start":{"line":70,"column":124},"end":{"line":70,"column":128}},{"start":{"line":70,"column":131},"end":{"line":70,"column":136}}]},"6":{"line":70,"type":"binary-expr","locations":[{"start":{"line":70,"column":34},"end":{"line":70,"column":58}},{"start":{"line":70,"column":63},"end":{"line":70,"column":83}},{"start":{"line":70,"column":87},"end":{"line":70,"column":120}}]},"7":{"line":73,"type":"if","locations":[{"start":{"line":73,"column":8},"end":{"line":73,"column":8}},{"start":{"line":73,"column":8},"end":{"line":73,"column":8}}]},"8":{"line":74,"type":"if","locations":[{"start":{"line":74,"column":12},"end":{"line":74,"column":12}},{"start":{"line":74,"column":12},"end":{"line":74,"column":12}}]},"9":{"line":78,"type":"if","locations":[{"start":{"line":78,"column":16},"end":{"line":78,"column":16}},{"start":{"line":78,"column":16},"end":{"line":78,"column":16}}]},"10":{"line":131,"type":"if","locations":[{"start":{"line":131,"column":8},"end":{"line":131,"column":8}},{"start":{"line":131,"column":8},"end":{"line":131,"column":8}}]},"11":{"line":131,"type":"binary-expr","locations":[{"start":{"line":131,"column":12},"end":{"line":131,"column":31}},{"start":{"line":131,"column":35},"end":{"line":131,"column":58}}]},"12":{"line":154,"type":"if","locations":[{"start":{"line":154,"column":8},"end":{"line":154,"column":8}},{"start":{"line":154,"column":8},"end":{"line":154,"column":8}}]},"13":{"line":163,"type":"if","locations":[{"start":{"line":163,"column":8},"end":{"line":163,"column":8}},{"start":{"line":163,"column":8},"end":{"line":163,"column":8}}]},"14":{"line":178,"type":"if","locations":[{"start":{"line":178,"column":12},"end":{"line":178,"column":12}},{"start":{"line":178,"column":12},"end":{"line":178,"column":12}}]},"15":{"line":195,"type":"if","locations":[{"start":{"line":195,"column":8},"end":{"line":195,"column":8}},{"start":{"line":195,"column":8},"end":{"line":195,"column":8}}]},"16":{"line":198,"type":"if","locations":[{"start":{"line":198,"column":8},"end":{"line":198,"column":8}},{"start":{"line":198,"column":8},"end":{"line":198,"column":8}}]},"17":{"line":198,"type":"binary-expr","locations":[{"start":{"line":198,"column":12},"end":{"line":198,"column":20}},{"start":{"line":198,"column":24},"end":{"line":198,"column":44}}]},"18":{"line":208,"type":"if","locations":[{"start":{"line":208,"column":12},"end":{"line":208,"column":12}},{"start":{"line":208,"column":12},"end":{"line":208,"column":12}}]},"19":{"line":225,"type":"if","locations":[{"start":{"line":225,"column":12},"end":{"line":225,"column":12}},{"start":{"line":225,"column":12},"end":{"line":225,"column":12}}]},"20":{"line":230,"type":"if","locations":[{"start":{"line":230,"column":12},"end":{"line":230,"column":12}},{"start":{"line":230,"column":12},"end":{"line":230,"column":12}}]},"21":{"line":252,"type":"if","locations":[{"start":{"line":252,"column":8},"end":{"line":252,"column":8}},{"start":{"line":252,"column":8},"end":{"line":252,"column":8}}]},"22":{"line":281,"type":"if","locations":[{"start":{"line":281,"column":8},"end":{"line":281,"column":8}},{"start":{"line":281,"column":8},"end":{"line":281,"column":8}}]},"23":{"line":287,"type":"if","locations":[{"start":{"line":287,"column":8},"end":{"line":287,"column":8}},{"start":{"line":287,"column":8},"end":{"line":287,"column":8}}]},"24":{"line":329,"type":"cond-expr","locations":[{"start":{"line":329,"column":86},"end":{"line":329,"column":88}},{"start":{"line":329,"column":91},"end":{"line":329,"column":103}}]},"25":{"line":329,"type":"binary-expr","locations":[{"start":{"line":329,"column":47},"end":{"line":329,"column":61}},{"start":{"line":329,"column":65},"end":{"line":329,"column":82}}]},"26":{"line":335,"type":"binary-expr","locations":[{"start":{"line":335,"column":23},"end":{"line":335,"column":35}},{"start":{"line":335,"column":39},"end":{"line":335,"column":52}}]},"27":{"line":353,"type":"binary-expr","locations":[{"start":{"line":353,"column":27},"end":{"line":353,"column":92}},{"start":{"line":353,"column":96},"end":{"line":353,"column":109}}]},"28":{"line":359,"type":"binary-expr","locations":[{"start":{"line":359,"column":15},"end":{"line":359,"column":18}},{"start":{"line":360,"column":12},"end":{"line":360,"column":35}},{"start":{"line":361,"column":12},"end":{"line":361,"column":24}},{"start":{"line":362,"column":12},"end":{"line":362,"column":30}}]},"29":{"line":366,"type":"binary-expr","locations":[{"start":{"line":366,"column":15},"end":{"line":366,"column":38}},{"start":{"line":367,"column":13},"end":{"line":367,"column":31}},{"start":{"line":368,"column":12},"end":{"line":368,"column":26}},{"start":{"line":369,"column":12},"end":{"line":369,"column":34}}]},"30":{"line":373,"type":"binary-expr","locations":[{"start":{"line":373,"column":15},"end":{"line":373,"column":38}},{"start":{"line":374,"column":12},"end":{"line":374,"column":26}},{"start":{"line":375,"column":12},"end":{"line":375,"column":31}},{"start":{"line":376,"column":12},"end":{"line":376,"column":26}},{"start":{"line":377,"column":12},"end":{"line":377,"column":31}}]},"31":{"line":385,"type":"if","locations":[{"start":{"line":385,"column":8},"end":{"line":385,"column":8}},{"start":{"line":385,"column":8},"end":{"line":385,"column":8}}]},"32":{"line":390,"type":"if","locations":[{"start":{"line":390,"column":13},"end":{"line":390,"column":13}},{"start":{"line":390,"column":13},"end":{"line":390,"column":13}}]},"33":{"line":395,"type":"if","locations":[{"start":{"line":395,"column":13},"end":{"line":395,"column":13}},{"start":{"line":395,"column":13},"end":{"line":395,"column":13}}]},"34":{"line":395,"type":"binary-expr","locations":[{"start":{"line":395,"column":17},"end":{"line":395,"column":29}},{"start":{"line":395,"column":33},"end":{"line":395,"column":41}}]},"35":{"line":403,"type":"if","locations":[{"start":{"line":403,"column":13},"end":{"line":403,"column":13}},{"start":{"line":403,"column":13},"end":{"line":403,"column":13}}]},"36":{"line":408,"type":"if","locations":[{"start":{"line":408,"column":8},"end":{"line":408,"column":8}},{"start":{"line":408,"column":8},"end":{"line":408,"column":8}}]},"37":{"line":408,"type":"binary-expr","locations":[{"start":{"line":408,"column":12},"end":{"line":408,"column":21}},{"start":{"line":408,"column":25},"end":{"line":408,"column":47}}]},"38":{"line":419,"type":"if","locations":[{"start":{"line":419,"column":8},"end":{"line":419,"column":8}},{"start":{"line":419,"column":8},"end":{"line":419,"column":8}}]},"39":{"line":424,"type":"if","locations":[{"start":{"line":424,"column":8},"end":{"line":424,"column":8}},{"start":{"line":424,"column":8},"end":{"line":424,"column":8}}]},"40":{"line":435,"type":"if","locations":[{"start":{"line":435,"column":12},"end":{"line":435,"column":12}},{"start":{"line":435,"column":12},"end":{"line":435,"column":12}}]},"41":{"line":435,"type":"binary-expr","locations":[{"start":{"line":435,"column":16},"end":{"line":435,"column":36}},{"start":{"line":435,"column":40},"end":{"line":435,"column":64}}]},"42":{"line":464,"type":"if","locations":[{"start":{"line":464,"column":8},"end":{"line":464,"column":8}},{"start":{"line":464,"column":8},"end":{"line":464,"column":8}}]},"43":{"line":473,"type":"if","locations":[{"start":{"line":473,"column":8},"end":{"line":473,"column":8}},{"start":{"line":473,"column":8},"end":{"line":473,"column":8}}]},"44":{"line":473,"type":"binary-expr","locations":[{"start":{"line":473,"column":12},"end":{"line":473,"column":18}},{"start":{"line":473,"column":22},"end":{"line":473,"column":39}}]},"45":{"line":476,"type":"if","locations":[{"start":{"line":476,"column":13},"end":{"line":476,"column":13}},{"start":{"line":476,"column":13},"end":{"line":476,"column":13}}]},"46":{"line":476,"type":"binary-expr","locations":[{"start":{"line":476,"column":17},"end":{"line":476,"column":23}},{"start":{"line":476,"column":27},"end":{"line":476,"column":42}},{"start":{"line":476,"column":46},"end":{"line":476,"column":66}},{"start":{"line":476,"column":70},"end":{"line":476,"column":102}}]},"47":{"line":485,"type":"if","locations":[{"start":{"line":485,"column":8},"end":{"line":485,"column":8}},{"start":{"line":485,"column":8},"end":{"line":485,"column":8}}]},"48":{"line":485,"type":"binary-expr","locations":[{"start":{"line":485,"column":12},"end":{"line":485,"column":18}},{"start":{"line":485,"column":22},"end":{"line":485,"column":40}}]},"49":{"line":488,"type":"if","locations":[{"start":{"line":488,"column":13},"end":{"line":488,"column":13}},{"start":{"line":488,"column":13},"end":{"line":488,"column":13}}]},"50":{"line":488,"type":"binary-expr","locations":[{"start":{"line":488,"column":17},"end":{"line":488,"column":23}},{"start":{"line":488,"column":27},"end":{"line":488,"column":42}},{"start":{"line":488,"column":46},"end":{"line":488,"column":66}},{"start":{"line":488,"column":70},"end":{"line":488,"column":103}}]}}},"src/RestFacade.js":{"path":"src/RestFacade.js","s":{"1":1,"2":1,"3":1,"4":0,"5":1,"6":0,"7":0,"8":0,"9":0,"10":0,"11":1,"12":0,"13":0,"14":1,"15":0,"16":1,"17":1,"18":0,"19":0,"20":0,"21":0,"22":0,"23":0,"24":0,"25":0,"26":0,"27":1,"28":0,"29":0,"30":0,"31":0,"32":0,"33":0,"34":0,"35":0,"36":0,"37":0,"38":1,"39":0,"40":0,"41":0,"42":1},"b":{"1":[0,0],"2":[0,0],"3":[0,0],"4":[0,0],"5":[0,0]},"f":{"1":0,"2":0,"3":0,"4":0,"5":0,"6":0,"7":0,"8":0,"9":0,"10":0,"11":0,"12":0},"fnMap":{"1":{"name":"checkAuth","line":10,"loc":{"start":{"line":10,"column":0},"end":{"line":10,"column":21}}},"2":{"name":"handleAuthResult","line":24,"loc":{"start":{"line":24,"column":0},"end":{"line":24,"column":38}}},"3":{"name":"handleAuthClick","line":42,"loc":{"start":{"line":42,"column":0},"end":{"line":42,"column":32}}},"4":{"name":"loadDriveApi","line":52,"loc":{"start":{"line":52,"column":0},"end":{"line":52,"column":24}}},"5":{"name":"initializeDriveFolder","line":56,"loc":{"start":{"line":56,"column":0},"end":{"line":56,"column":33}}},"6":{"name":"listFiles","line":65,"loc":{"start":{"line":65,"column":0},"end":{"line":65,"column":21}}},"7":{"name":"(anonymous_7)","line":71,"loc":{"start":{"line":71,"column":20},"end":{"line":71,"column":35}}},"8":{"name":"retrieveAllFiles","line":85,"loc":{"start":{"line":85,"column":0},"end":{"line":85,"column":36}}},"9":{"name":"(anonymous_9)","line":86,"loc":{"start":{"line":86,"column":30},"end":{"line":86,"column":56}}},"10":{"name":"(anonymous_10)","line":87,"loc":{"start":{"line":87,"column":24},"end":{"line":87,"column":39}}},"11":{"name":"appendPre","line":109,"loc":{"start":{"line":109,"column":0},"end":{"line":109,"column":28}}},"12":{"name":"downloadFile","line":115,"loc":{"start":{"line":115,"column":0},"end":{"line":116,"column":0}}}},"statementMap":{"1":{"start":{"line":3,"column":0},"end":{"line":3,"column":91}},"2":{"start":{"line":5,"column":0},"end":{"line":5,"column":55}},"3":{"start":{"line":10,"column":0},"end":{"line":17,"column":1}},"4":{"start":{"line":11,"column":4},"end":{"line":16,"column":29}},"5":{"start":{"line":24,"column":0},"end":{"line":35,"column":1}},"6":{"start":{"line":25,"column":4},"end":{"line":25,"column":64}},"7":{"start":{"line":26,"column":4},"end":{"line":34,"column":5}},"8":{"start":{"line":28,"column":8},"end":{"line":28,"column":44}},"9":{"start":{"line":29,"column":8},"end":{"line":29,"column":23}},"10":{"start":{"line":33,"column":8},"end":{"line":33,"column":46}},"11":{"start":{"line":42,"column":0},"end":{"line":47,"column":1}},"12":{"start":{"line":43,"column":4},"end":{"line":45,"column":26}},"13":{"start":{"line":46,"column":4},"end":{"line":46,"column":17}},"14":{"start":{"line":52,"column":0},"end":{"line":54,"column":1}},"15":{"start":{"line":53,"column":4},"end":{"line":53,"column":47}},"16":{"start":{"line":56,"column":0},"end":{"line":60,"column":1}},"17":{"start":{"line":65,"column":0},"end":{"line":83,"column":1}},"18":{"start":{"line":66,"column":4},"end":{"line":69,"column":7}},"19":{"start":{"line":71,"column":4},"end":{"line":82,"column":7}},"20":{"start":{"line":72,"column":8},"end":{"line":72,"column":28}},"21":{"start":{"line":73,"column":8},"end":{"line":73,"column":31}},"22":{"start":{"line":74,"column":8},"end":{"line":81,"column":9}},"23":{"start":{"line":75,"column":12},"end":{"line":78,"column":13}},"24":{"start":{"line":76,"column":16},"end":{"line":76,"column":36}},"25":{"start":{"line":77,"column":16},"end":{"line":77,"column":60}},"26":{"start":{"line":80,"column":12},"end":{"line":80,"column":41}},"27":{"start":{"line":85,"column":0},"end":{"line":102,"column":1}},"28":{"start":{"line":86,"column":4},"end":{"line":99,"column":5}},"29":{"start":{"line":87,"column":8},"end":{"line":98,"column":11}},"30":{"start":{"line":88,"column":12},"end":{"line":88,"column":47}},"31":{"start":{"line":89,"column":12},"end":{"line":89,"column":51}},"32":{"start":{"line":90,"column":12},"end":{"line":97,"column":13}},"33":{"start":{"line":91,"column":16},"end":{"line":93,"column":19}},"34":{"start":{"line":94,"column":16},"end":{"line":94,"column":53}},"35":{"start":{"line":96,"column":16},"end":{"line":96,"column":33}},"36":{"start":{"line":100,"column":4},"end":{"line":100,"column":56}},"37":{"start":{"line":101,"column":4},"end":{"line":101,"column":44}},"38":{"start":{"line":109,"column":0},"end":{"line":113,"column":1}},"39":{"start":{"line":110,"column":4},"end":{"line":110,"column":48}},"40":{"start":{"line":111,"column":4},"end":{"line":111,"column":62}},"41":{"start":{"line":112,"column":4},"end":{"line":112,"column":33}},"42":{"start":{"line":115,"column":0},"end":{"line":118,"column":1}}},"branchMap":{"1":{"line":26,"type":"if","locations":[{"start":{"line":26,"column":4},"end":{"line":26,"column":4}},{"start":{"line":26,"column":4},"end":{"line":26,"column":4}}]},"2":{"line":26,"type":"binary-expr","locations":[{"start":{"line":26,"column":8},"end":{"line":26,"column":18}},{"start":{"line":26,"column":22},"end":{"line":26,"column":39}}]},"3":{"line":74,"type":"if","locations":[{"start":{"line":74,"column":8},"end":{"line":74,"column":8}},{"start":{"line":74,"column":8},"end":{"line":74,"column":8}}]},"4":{"line":74,"type":"binary-expr","locations":[{"start":{"line":74,"column":12},"end":{"line":74,"column":17}},{"start":{"line":74,"column":21},"end":{"line":74,"column":37}}]},"5":{"line":90,"type":"if","locations":[{"start":{"line":90,"column":12},"end":{"line":90,"column":12}},{"start":{"line":90,"column":12},"end":{"line":90,"column":12}}]}}},"src/Train.js":{"path":"src/Train.js","s":{"1":1,"2":1,"3":0,"4":1,"5":1,"6":0,"7":1,"8":1,"9":1,"10":1,"11":1,"12":923,"13":923,"14":923,"15":923,"16":923,"17":923,"18":923,"19":923,"20":1673,"21":923,"22":1,"23":923,"24":876,"25":47,"26":316,"27":316,"28":64,"29":41,"30":41,"31":41,"32":42,"33":41,"34":0,"35":0,"36":0,"37":0,"38":0,"39":0,"40":0,"41":0,"42":1,"43":930,"44":6,"45":924,"46":1,"47":923,"48":923,"49":923,"50":160,"51":160,"52":160,"53":1,"54":159,"55":19,"56":19,"57":19,"58":19,"59":140,"60":140,"61":138,"62":160,"63":160,"64":160,"65":179,"66":59,"67":59,"68":120,"69":1,"70":159,"71":159,"72":158,"73":100,"74":158,"75":160,"76":159,"77":159,"78":53,"79":53,"80":53,"81":159,"82":159,"83":159,"84":52,"85":107,"86":158,"87":923,"88":923,"89":923,"90":1,"91":89,"92":0,"93":89,"94":89,"95":89,"96":89,"97":89,"98":965,"99":965,"100":922,"101":89,"102":1,"103":1,"104":1,"105":1,"106":1,"107":1,"108":3,"109":3,"110":2,"111":1,"112":1},"b":{"1":[0,1],"2":[1,0],"3":[1,1],"4":[923,0],"5":[923,0],"6":[876,47],"7":[923,923],"8":[380,150],"9":[6,924],"10":[930,928,926],"11":[1,923],"12":[19,140],"13":[159,19],"14":[59,120],"15":[100,58],"16":[158,158],"17":[53,106],"18":[53,20],"19":[52,107],"20":[159,52],"21":[0,89],"22":[89,89],"23":[922,43],"24":[2,1]},"f":{"1":1,"2":1,"3":923,"4":923,"5":316,"6":41,"7":0,"8":930,"9":160,"10":159,"11":19,"12":19,"13":138,"14":159,"15":89,"16":1,"17":0},"fnMap":{"1":{"name":"(anonymous_1)","line":18,"loc":{"start":{"line":18,"column":1},"end":{"line":18,"column":25}}},"2":{"name":"(anonymous_2)","line":28,"loc":{"start":{"line":28,"column":8},"end":{"line":28,"column":20}}},"3":{"name":"getParamNames","line":41,"loc":{"start":{"line":41,"column":4},"end":{"line":41,"column":31}}},"4":{"name":"makeObjectChainable","line":60,"loc":{"start":{"line":60,"column":4},"end":{"line":60,"column":41}}},"5":{"name":"(anonymous_5)","line":71,"loc":{"start":{"line":71,"column":24},"end":{"line":71,"column":35}}},"6":{"name":"(anonymous_6)","line":81,"loc":{"start":{"line":81,"column":19},"end":{"line":81,"column":30}}},"7":{"name":"(anonymous_7)","line":90,"loc":{"start":{"line":90,"column":22},"end":{"line":90,"column":33}}},"8":{"name":"(anonymous_8)","line":115,"loc":{"start":{"line":115,"column":28},"end":{"line":115,"column":57}}},"9":{"name":"(anonymous_9)","line":127,"loc":{"start":{"line":127,"column":23},"end":{"line":127,"column":34}}},"10":{"name":"done","line":132,"loc":{"start":{"line":132,"column":12},"end":{"line":132,"column":28}}},"11":{"name":"(anonymous_11)","line":135,"loc":{"start":{"line":135,"column":40},"end":{"line":135,"column":51}}},"12":{"name":"(anonymous_12)","line":137,"loc":{"start":{"line":137,"column":35},"end":{"line":137,"column":46}}},"13":{"name":"(anonymous_13)","line":144,"loc":{"start":{"line":144,"column":31},"end":{"line":144,"column":42}}},"14":{"name":"task","line":165,"loc":{"start":{"line":165,"column":12},"end":{"line":165,"column":28}}},"15":{"name":"(anonymous_15)","line":206,"loc":{"start":{"line":206,"column":26},"end":{"line":206,"column":51}}},"16":{"name":"(anonymous_16)","line":227,"loc":{"start":{"line":227,"column":19},"end":{"line":227,"column":30}}},"17":{"name":"(anonymous_17)","line":228,"loc":{"start":{"line":228,"column":21},"end":{"line":228,"column":32}}}},"statementMap":{"1":{"start":{"line":18,"column":0},"end":{"line":242,"column":4}},"2":{"start":{"line":19,"column":4},"end":{"line":27,"column":5}},"3":{"start":{"line":20,"column":8},"end":{"line":20,"column":47}},"4":{"start":{"line":22,"column":9},"end":{"line":27,"column":5}},"5":{"start":{"line":23,"column":8},"end":{"line":23,"column":44}},"6":{"start":{"line":26,"column":8},"end":{"line":26,"column":37}},"7":{"start":{"line":31,"column":4},"end":{"line":31,"column":19}},"8":{"start":{"line":35,"column":4},"end":{"line":35,"column":55}},"9":{"start":{"line":36,"column":4},"end":{"line":36,"column":27}},"10":{"start":{"line":37,"column":4},"end":{"line":37,"column":60}},"11":{"start":{"line":41,"column":4},"end":{"line":58,"column":5}},"12":{"start":{"line":42,"column":8},"end":{"line":44,"column":23}},"13":{"start":{"line":46,"column":8},"end":{"line":56,"column":9}},"14":{"start":{"line":47,"column":12},"end":{"line":55,"column":13}},"15":{"start":{"line":48,"column":16},"end":{"line":48,"column":32}},"16":{"start":{"line":49,"column":16},"end":{"line":49,"column":67}},"17":{"start":{"line":50,"column":16},"end":{"line":50,"column":48}},"18":{"start":{"line":51,"column":16},"end":{"line":51,"column":58}},"19":{"start":{"line":52,"column":16},"end":{"line":54,"column":17}},"20":{"start":{"line":53,"column":20},"end":{"line":53,"column":52}},"21":{"start":{"line":57,"column":8},"end":{"line":57,"column":26}},"22":{"start":{"line":60,"column":4},"end":{"line":104,"column":5}},"23":{"start":{"line":61,"column":8},"end":{"line":63,"column":9}},"24":{"start":{"line":62,"column":12},"end":{"line":62,"column":19}},"25":{"start":{"line":64,"column":8},"end":{"line":103,"column":10}},"26":{"start":{"line":72,"column":16},"end":{"line":72,"column":34}},"27":{"start":{"line":73,"column":16},"end":{"line":75,"column":17}},"28":{"start":{"line":74,"column":20},"end":{"line":74,"column":49}},"29":{"start":{"line":82,"column":16},"end":{"line":82,"column":34}},"30":{"start":{"line":83,"column":16},"end":{"line":83,"column":54}},"31":{"start":{"line":84,"column":16},"end":{"line":86,"column":17}},"32":{"start":{"line":85,"column":20},"end":{"line":85,"column":58}},"33":{"start":{"line":87,"column":16},"end":{"line":87,"column":48}},"34":{"start":{"line":91,"column":16},"end":{"line":91,"column":34}},"35":{"start":{"line":92,"column":16},"end":{"line":93,"column":25}},"36":{"start":{"line":94,"column":16},"end":{"line":94,"column":54}},"37":{"start":{"line":95,"column":16},"end":{"line":99,"column":17}},"38":{"start":{"line":96,"column":20},"end":{"line":96,"column":48}},"39":{"start":{"line":97,"column":20},"end":{"line":97,"column":44}},"40":{"start":{"line":98,"column":20},"end":{"line":98,"column":75}},"41":{"start":{"line":100,"column":16},"end":{"line":100,"column":37}},"42":{"start":{"line":115,"column":4},"end":{"line":200,"column":6}},"43":{"start":{"line":116,"column":8},"end":{"line":118,"column":9}},"44":{"start":{"line":117,"column":12},"end":{"line":117,"column":25}},"45":{"start":{"line":120,"column":8},"end":{"line":122,"column":9}},"46":{"start":{"line":121,"column":12},"end":{"line":121,"column":25}},"47":{"start":{"line":124,"column":8},"end":{"line":124,"column":36}},"48":{"start":{"line":125,"column":8},"end":{"line":125,"column":41}},"49":{"start":{"line":127,"column":8},"end":{"line":196,"column":10}},"50":{"start":{"line":128,"column":12},"end":{"line":128,"column":28}},"51":{"start":{"line":129,"column":12},"end":{"line":129,"column":30}},"52":{"start":{"line":130,"column":12},"end":{"line":130,"column":26}},"53":{"start":{"line":132,"column":12},"end":{"line":148,"column":13}},"54":{"start":{"line":133,"column":16},"end":{"line":147,"column":17}},"55":{"start":{"line":135,"column":20},"end":{"line":140,"column":23}},"56":{"start":{"line":136,"column":24},"end":{"line":136,"column":36}},"57":{"start":{"line":137,"column":24},"end":{"line":139,"column":30}},"58":{"start":{"line":138,"column":28},"end":{"line":138,"column":52}},"59":{"start":{"line":143,"column":20},"end":{"line":143,"column":32}},"60":{"start":{"line":144,"column":20},"end":{"line":146,"column":26}},"61":{"start":{"line":145,"column":24},"end":{"line":145,"column":48}},"62":{"start":{"line":151,"column":12},"end":{"line":151,"column":26}},"63":{"start":{"line":152,"column":12},"end":{"line":152,"column":36}},"64":{"start":{"line":154,"column":12},"end":{"line":163,"column":13}},"65":{"start":{"line":156,"column":16},"end":{"line":162,"column":17}},"66":{"start":{"line":157,"column":20},"end":{"line":157,"column":39}},"67":{"start":{"line":158,"column":20},"end":{"line":158,"column":35}},"68":{"start":{"line":161,"column":20},"end":{"line":161,"column":43}},"69":{"start":{"line":165,"column":12},"end":{"line":173,"column":13}},"70":{"start":{"line":166,"column":16},"end":{"line":166,"column":49}},"71":{"start":{"line":167,"column":16},"end":{"line":167,"column":39}},"72":{"start":{"line":169,"column":16},"end":{"line":171,"column":17}},"73":{"start":{"line":170,"column":20},"end":{"line":170,"column":27}},"74":{"start":{"line":172,"column":16},"end":{"line":172,"column":47}},"75":{"start":{"line":175,"column":12},"end":{"line":175,"column":45}},"76":{"start":{"line":177,"column":12},"end":{"line":177,"column":49}},"77":{"start":{"line":178,"column":12},"end":{"line":182,"column":13}},"78":{"start":{"line":179,"column":16},"end":{"line":179,"column":88}},"79":{"start":{"line":180,"column":16},"end":{"line":180,"column":44}},"80":{"start":{"line":181,"column":16},"end":{"line":181,"column":38}},"81":{"start":{"line":185,"column":12},"end":{"line":185,"column":63}},"82":{"start":{"line":186,"column":12},"end":{"line":186,"column":30}},"83":{"start":{"line":188,"column":12},"end":{"line":193,"column":13}},"84":{"start":{"line":189,"column":16},"end":{"line":189,"column":48}},"85":{"start":{"line":192,"column":16},"end":{"line":192,"column":23}},"86":{"start":{"line":195,"column":12},"end":{"line":195,"column":24}},"87":{"start":{"line":197,"column":8},"end":{"line":197,"column":38}},"88":{"start":{"line":198,"column":8},"end":{"line":198,"column":34}},"89":{"start":{"line":199,"column":8},"end":{"line":199,"column":20}},"90":{"start":{"line":206,"column":4},"end":{"line":221,"column":6}},"91":{"start":{"line":207,"column":8},"end":{"line":209,"column":9}},"92":{"start":{"line":208,"column":12},"end":{"line":208,"column":25}},"93":{"start":{"line":210,"column":8},"end":{"line":210,"column":39}},"94":{"start":{"line":211,"column":8},"end":{"line":211,"column":30}},"95":{"start":{"line":212,"column":8},"end":{"line":212,"column":18}},"96":{"start":{"line":213,"column":8},"end":{"line":213,"column":21}},"97":{"start":{"line":214,"column":8},"end":{"line":219,"column":9}},"98":{"start":{"line":215,"column":12},"end":{"line":215,"column":26}},"99":{"start":{"line":216,"column":12},"end":{"line":218,"column":13}},"100":{"start":{"line":217,"column":16},"end":{"line":217,"column":64}},"101":{"start":{"line":220,"column":8},"end":{"line":220,"column":20}},"102":{"start":{"line":227,"column":4},"end":{"line":239,"column":6}},"103":{"start":{"line":228,"column":8},"end":{"line":228,"column":35}},"104":{"start":{"line":229,"column":8},"end":{"line":229,"column":35}},"105":{"start":{"line":230,"column":8},"end":{"line":230,"column":18}},"106":{"start":{"line":231,"column":8},"end":{"line":231,"column":16}},"107":{"start":{"line":232,"column":8},"end":{"line":237,"column":9}},"108":{"start":{"line":233,"column":12},"end":{"line":233,"column":31}},"109":{"start":{"line":234,"column":12},"end":{"line":236,"column":13}},"110":{"start":{"line":235,"column":16},"end":{"line":235,"column":49}},"111":{"start":{"line":238,"column":8},"end":{"line":238,"column":22}},"112":{"start":{"line":241,"column":4},"end":{"line":241,"column":17}}},"branchMap":{"1":{"line":19,"type":"if","locations":[{"start":{"line":19,"column":4},"end":{"line":19,"column":4}},{"start":{"line":19,"column":4},"end":{"line":19,"column":4}}]},"2":{"line":22,"type":"if","locations":[{"start":{"line":22,"column":9},"end":{"line":22,"column":9}},{"start":{"line":22,"column":9},"end":{"line":22,"column":9}}]},"3":{"line":22,"type":"binary-expr","locations":[{"start":{"line":22,"column":13},"end":{"line":22,"column":41}},{"start":{"line":22,"column":45},"end":{"line":22,"column":55}}]},"4":{"line":46,"type":"if","locations":[{"start":{"line":46,"column":8},"end":{"line":46,"column":8}},{"start":{"line":46,"column":8},"end":{"line":46,"column":8}}]},"5":{"line":47,"type":"if","locations":[{"start":{"line":47,"column":12},"end":{"line":47,"column":12}},{"start":{"line":47,"column":12},"end":{"line":47,"column":12}}]},"6":{"line":61,"type":"if","locations":[{"start":{"line":61,"column":8},"end":{"line":61,"column":8}},{"start":{"line":61,"column":8},"end":{"line":61,"column":8}}]},"7":{"line":61,"type":"binary-expr","locations":[{"start":{"line":61,"column":12},"end":{"line":61,"column":19}},{"start":{"line":61,"column":23},"end":{"line":61,"column":35}}]},"8":{"line":73,"type":"binary-expr","locations":[{"start":{"line":73,"column":23},"end":{"line":73,"column":54}},{"start":{"line":73,"column":58},"end":{"line":73,"column":103}}]},"9":{"line":116,"type":"if","locations":[{"start":{"line":116,"column":8},"end":{"line":116,"column":8}},{"start":{"line":116,"column":8},"end":{"line":116,"column":8}}]},"10":{"line":116,"type":"binary-expr","locations":[{"start":{"line":116,"column":12},"end":{"line":116,"column":19}},{"start":{"line":116,"column":23},"end":{"line":116,"column":28}},{"start":{"line":116,"column":32},"end":{"line":116,"column":37}}]},"11":{"line":120,"type":"if","locations":[{"start":{"line":120,"column":8},"end":{"line":120,"column":8}},{"start":{"line":120,"column":8},"end":{"line":120,"column":8}}]},"12":{"line":133,"type":"if","locations":[{"start":{"line":133,"column":16},"end":{"line":133,"column":16}},{"start":{"line":133,"column":16},"end":{"line":133,"column":16}}]},"13":{"line":133,"type":"binary-expr","locations":[{"start":{"line":133,"column":20},"end":{"line":133,"column":27}},{"start":{"line":133,"column":31},"end":{"line":133,"column":45}}]},"14":{"line":156,"type":"if","locations":[{"start":{"line":156,"column":16},"end":{"line":156,"column":16}},{"start":{"line":156,"column":16},"end":{"line":156,"column":16}}]},"15":{"line":169,"type":"if","locations":[{"start":{"line":169,"column":16},"end":{"line":169,"column":16}},{"start":{"line":169,"column":16},"end":{"line":169,"column":16}}]},"16":{"line":169,"type":"binary-expr","locations":[{"start":{"line":169,"column":20},"end":{"line":169,"column":45}},{"start":{"line":169,"column":49},"end":{"line":169,"column":61}}]},"17":{"line":178,"type":"if","locations":[{"start":{"line":178,"column":12},"end":{"line":178,"column":12}},{"start":{"line":178,"column":12},"end":{"line":178,"column":12}}]},"18":{"line":180,"type":"binary-expr","locations":[{"start":{"line":180,"column":28},"end":{"line":180,"column":37}},{"start":{"line":180,"column":41},"end":{"line":180,"column":43}}]},"19":{"line":188,"type":"if","locations":[{"start":{"line":188,"column":12},"end":{"line":188,"column":12}},{"start":{"line":188,"column":12},"end":{"line":188,"column":12}}]},"20":{"line":188,"type":"binary-expr","locations":[{"start":{"line":188,"column":16},"end":{"line":188,"column":28}},{"start":{"line":188,"column":32},"end":{"line":188,"column":50}}]},"21":{"line":207,"type":"if","locations":[{"start":{"line":207,"column":8},"end":{"line":207,"column":8}},{"start":{"line":207,"column":8},"end":{"line":207,"column":8}}]},"22":{"line":207,"type":"binary-expr","locations":[{"start":{"line":207,"column":12},"end":{"line":207,"column":19}},{"start":{"line":207,"column":23},"end":{"line":207,"column":49}}]},"23":{"line":216,"type":"if","locations":[{"start":{"line":216,"column":12},"end":{"line":216,"column":12}},{"start":{"line":216,"column":12},"end":{"line":216,"column":12}}]},"24":{"line":234,"type":"if","locations":[{"start":{"line":234,"column":12},"end":{"line":234,"column":12}},{"start":{"line":234,"column":12},"end":{"line":234,"column":12}}]}}},"src/ViewportRelative.js":{"path":"src/ViewportRelative.js","s":{"1":1,"2":1,"3":0,"4":1,"5":1,"6":0,"7":1,"8":1,"9":86,"10":2,"11":86,"12":65,"13":65,"14":65,"15":86,"16":1,"17":108,"18":108,"19":108,"20":108,"21":108,"22":108,"23":108,"24":108,"25":108,"26":24,"27":108,"28":28,"29":108,"30":28,"31":108,"32":24,"33":108,"34":18,"35":90,"36":3,"37":87,"38":1,"39":196,"40":196,"41":196,"42":196,"43":196,"44":196,"45":38,"46":158,"47":158,"48":9,"49":149,"50":2,"51":147,"52":1,"53":146,"54":1,"55":145,"56":144,"57":144,"58":144,"59":52,"60":52,"61":52,"62":1,"63":51,"64":92,"65":8,"66":8,"67":8,"68":0,"69":84,"70":84,"71":78,"72":6,"73":6,"74":0,"75":144,"76":1,"77":80,"78":80,"79":80,"80":80,"81":80,"82":9,"83":9,"84":80,"85":80,"86":80,"87":9,"88":9,"89":9,"90":80,"91":80,"92":80,"93":1,"94":3,"95":3,"96":3,"97":3,"98":3,"99":3,"100":1,"101":6,"102":2,"103":4,"104":3,"105":1,"106":3,"107":2,"108":3,"109":1,"110":1},"b":{"1":[0,1],"2":[1,0],"3":[1,1],"4":[2,84],"5":[65,21],"6":[65,0],"7":[65,0],"8":[108,103],"9":[108,102],"10":[108,98],"11":[108,98],"12":[24,84],"13":[28,80],"14":[28,80],"15":[24,84],"16":[18,90],"17":[108,18],"18":[3,87],"19":[90,3],"20":[38,158],"21":[9,149],"22":[2,147],"23":[149,148],"24":[1,146],"25":[147,146],"26":[1,145],"27":[146,73],"28":[144,1],"29":[72,72],"30":[52,92],"31":[1,51],"32":[8,84],"33":[0,8],"34":[78,6],"35":[0,6],"36":[9,71],"37":[9,71],"38":[2,4],"39":[3,1],"40":[4,4,4,3,3],"41":[1,2],"42":[2,1]},"f":{"1":1,"2":1,"3":86,"4":108,"5":196,"6":80,"7":3,"8":6},"fnMap":{"1":{"name":"(anonymous_1)","line":18,"loc":{"start":{"line":18,"column":1},"end":{"line":18,"column":25}}},"2":{"name":"(anonymous_2)","line":28,"loc":{"start":{"line":28,"column":8},"end":{"line":28,"column":19}}},"3":{"name":"normalizePoint","line":45,"loc":{"start":{"line":45,"column":4},"end":{"line":45,"column":35}}},"4":{"name":"isOrderReversed","line":63,"loc":{"start":{"line":63,"column":4},"end":{"line":63,"column":36}}},"5":{"name":"valueToPixels","line":103,"loc":{"start":{"line":103,"column":4},"end":{"line":103,"column":73}}},"6":{"name":"pointToPixels","line":174,"loc":{"start":{"line":174,"column":4},"end":{"line":174,"column":54}}},"7":{"name":"pointToPercent","line":200,"loc":{"start":{"line":200,"column":4},"end":{"line":200,"column":55}}},"8":{"name":"pointToString","line":209,"loc":{"start":{"line":209,"column":4},"end":{"line":209,"column":34}}}},"statementMap":{"1":{"start":{"line":18,"column":0},"end":{"line":235,"column":4}},"2":{"start":{"line":19,"column":4},"end":{"line":27,"column":5}},"3":{"start":{"line":20,"column":8},"end":{"line":20,"column":35}},"4":{"start":{"line":22,"column":9},"end":{"line":27,"column":5}},"5":{"start":{"line":23,"column":8},"end":{"line":23,"column":52}},"6":{"start":{"line":26,"column":8},"end":{"line":26,"column":42}},"7":{"start":{"line":32,"column":4},"end":{"line":43,"column":6}},"8":{"start":{"line":45,"column":4},"end":{"line":61,"column":5}},"9":{"start":{"line":46,"column":8},"end":{"line":51,"column":9}},"10":{"start":{"line":47,"column":12},"end":{"line":50,"column":14}},"11":{"start":{"line":52,"column":8},"end":{"line":59,"column":9}},"12":{"start":{"line":53,"column":12},"end":{"line":53,"column":56}},"13":{"start":{"line":54,"column":12},"end":{"line":57,"column":14}},"14":{"start":{"line":58,"column":12},"end":{"line":58,"column":42}},"15":{"start":{"line":60,"column":8},"end":{"line":60,"column":21}},"16":{"start":{"line":63,"column":4},"end":{"line":101,"column":5}},"17":{"start":{"line":64,"column":8},"end":{"line":64,"column":45}},"18":{"start":{"line":65,"column":8},"end":{"line":65,"column":45}},"19":{"start":{"line":66,"column":8},"end":{"line":66,"column":48}},"20":{"start":{"line":67,"column":8},"end":{"line":67,"column":48}},"21":{"start":{"line":73,"column":8},"end":{"line":73,"column":50}},"22":{"start":{"line":74,"column":8},"end":{"line":74,"column":50}},"23":{"start":{"line":75,"column":8},"end":{"line":75,"column":50}},"24":{"start":{"line":76,"column":8},"end":{"line":76,"column":50}},"25":{"start":{"line":79,"column":8},"end":{"line":81,"column":9}},"26":{"start":{"line":80,"column":12},"end":{"line":80,"column":24}},"27":{"start":{"line":82,"column":8},"end":{"line":84,"column":9}},"28":{"start":{"line":83,"column":12},"end":{"line":83,"column":24}},"29":{"start":{"line":85,"column":8},"end":{"line":87,"column":9}},"30":{"start":{"line":86,"column":12},"end":{"line":86,"column":24}},"31":{"start":{"line":88,"column":8},"end":{"line":90,"column":9}},"32":{"start":{"line":89,"column":12},"end":{"line":89,"column":24}},"33":{"start":{"line":94,"column":8},"end":{"line":96,"column":9}},"34":{"start":{"line":95,"column":12},"end":{"line":95,"column":24}},"35":{"start":{"line":97,"column":8},"end":{"line":99,"column":9}},"36":{"start":{"line":98,"column":12},"end":{"line":98,"column":24}},"37":{"start":{"line":100,"column":8},"end":{"line":100,"column":21}},"38":{"start":{"line":103,"column":4},"end":{"line":168,"column":5}},"39":{"start":{"line":104,"column":8},"end":{"line":104,"column":46}},"40":{"start":{"line":105,"column":8},"end":{"line":105,"column":16}},"41":{"start":{"line":106,"column":8},"end":{"line":106,"column":20}},"42":{"start":{"line":107,"column":8},"end":{"line":107,"column":19}},"43":{"start":{"line":108,"column":8},"end":{"line":108,"column":27}},"44":{"start":{"line":110,"column":8},"end":{"line":112,"column":9}},"45":{"start":{"line":111,"column":12},"end":{"line":111,"column":38}},"46":{"start":{"line":114,"column":8},"end":{"line":114,"column":45}},"47":{"start":{"line":115,"column":8},"end":{"line":117,"column":9}},"48":{"start":{"line":116,"column":12},"end":{"line":116,"column":23}},"49":{"start":{"line":120,"column":8},"end":{"line":123,"column":9}},"50":{"start":{"line":122,"column":12},"end":{"line":122,"column":29}},"51":{"start":{"line":124,"column":8},"end":{"line":127,"column":9}},"52":{"start":{"line":126,"column":12},"end":{"line":126,"column":29}},"53":{"start":{"line":128,"column":8},"end":{"line":131,"column":9}},"54":{"start":{"line":130,"column":12},"end":{"line":130,"column":29}},"55":{"start":{"line":132,"column":8},"end":{"line":165,"column":9}},"56":{"start":{"line":134,"column":12},"end":{"line":134,"column":73}},"57":{"start":{"line":135,"column":12},"end":{"line":135,"column":86}},"58":{"start":{"line":138,"column":12},"end":{"line":164,"column":13}},"59":{"start":{"line":139,"column":16},"end":{"line":139,"column":73}},"60":{"start":{"line":140,"column":16},"end":{"line":140,"column":61}},"61":{"start":{"line":141,"column":16},"end":{"line":144,"column":17}},"62":{"start":{"line":143,"column":20},"end":{"line":143,"column":37}},"63":{"start":{"line":146,"column":16},"end":{"line":146,"column":65}},"64":{"start":{"line":147,"column":19},"end":{"line":164,"column":13}},"65":{"start":{"line":148,"column":16},"end":{"line":148,"column":74}},"66":{"start":{"line":149,"column":16},"end":{"line":149,"column":52}},"67":{"start":{"line":150,"column":16},"end":{"line":152,"column":17}},"68":{"start":{"line":151,"column":20},"end":{"line":151,"column":37}},"69":{"start":{"line":154,"column":16},"end":{"line":154,"column":74}},"70":{"start":{"line":156,"column":16},"end":{"line":163,"column":17}},"71":{"start":{"line":157,"column":20},"end":{"line":157,"column":50}},"72":{"start":{"line":159,"column":20},"end":{"line":159,"column":68}},"73":{"start":{"line":160,"column":20},"end":{"line":162,"column":21}},"74":{"start":{"line":161,"column":24},"end":{"line":161,"column":52}},"75":{"start":{"line":167,"column":8},"end":{"line":167,"column":22}},"76":{"start":{"line":174,"column":4},"end":{"line":198,"column":5}},"77":{"start":{"line":175,"column":8},"end":{"line":175,"column":38}},"78":{"start":{"line":177,"column":8},"end":{"line":177,"column":24}},"79":{"start":{"line":178,"column":8},"end":{"line":178,"column":24}},"80":{"start":{"line":179,"column":8},"end":{"line":179,"column":46}},"81":{"start":{"line":180,"column":8},"end":{"line":183,"column":9}},"82":{"start":{"line":181,"column":12},"end":{"line":181,"column":24}},"83":{"start":{"line":182,"column":12},"end":{"line":182,"column":24}},"84":{"start":{"line":184,"column":8},"end":{"line":184,"column":69}},"85":{"start":{"line":185,"column":8},"end":{"line":185,"column":69}},"86":{"start":{"line":188,"column":8},"end":{"line":192,"column":9}},"87":{"start":{"line":189,"column":12},"end":{"line":189,"column":28}},"88":{"start":{"line":190,"column":12},"end":{"line":190,"column":24}},"89":{"start":{"line":191,"column":12},"end":{"line":191,"column":24}},"90":{"start":{"line":194,"column":8},"end":{"line":194,"column":23}},"91":{"start":{"line":195,"column":8},"end":{"line":195,"column":23}},"92":{"start":{"line":197,"column":8},"end":{"line":197,"column":21}},"93":{"start":{"line":200,"column":4},"end":{"line":207,"column":5}},"94":{"start":{"line":201,"column":8},"end":{"line":201,"column":38}},"95":{"start":{"line":202,"column":8},"end":{"line":202,"column":61}},"96":{"start":{"line":203,"column":8},"end":{"line":203,"column":62}},"97":{"start":{"line":204,"column":8},"end":{"line":204,"column":60}},"98":{"start":{"line":205,"column":8},"end":{"line":205,"column":60}},"99":{"start":{"line":206,"column":8},"end":{"line":206,"column":21}},"100":{"start":{"line":209,"column":4},"end":{"line":223,"column":5}},"101":{"start":{"line":210,"column":8},"end":{"line":212,"column":9}},"102":{"start":{"line":211,"column":12},"end":{"line":211,"column":29}},"103":{"start":{"line":213,"column":8},"end":{"line":221,"column":9}},"104":{"start":{"line":214,"column":12},"end":{"line":216,"column":13}},"105":{"start":{"line":215,"column":16},"end":{"line":215,"column":41}},"106":{"start":{"line":217,"column":12},"end":{"line":219,"column":13}},"107":{"start":{"line":218,"column":16},"end":{"line":218,"column":41}},"108":{"start":{"line":220,"column":12},"end":{"line":220,"column":43}},"109":{"start":{"line":222,"column":8},"end":{"line":222,"column":21}},"110":{"start":{"line":226,"column":4},"end":{"line":233,"column":6}}},"branchMap":{"1":{"line":19,"type":"if","locations":[{"start":{"line":19,"column":4},"end":{"line":19,"column":4}},{"start":{"line":19,"column":4},"end":{"line":19,"column":4}}]},"2":{"line":22,"type":"if","locations":[{"start":{"line":22,"column":9},"end":{"line":22,"column":9}},{"start":{"line":22,"column":9},"end":{"line":22,"column":9}}]},"3":{"line":22,"type":"binary-expr","locations":[{"start":{"line":22,"column":13},"end":{"line":22,"column":41}},{"start":{"line":22,"column":45},"end":{"line":22,"column":55}}]},"4":{"line":46,"type":"if","locations":[{"start":{"line":46,"column":8},"end":{"line":46,"column":8}},{"start":{"line":46,"column":8},"end":{"line":46,"column":8}}]},"5":{"line":52,"type":"if","locations":[{"start":{"line":52,"column":8},"end":{"line":52,"column":8}},{"start":{"line":52,"column":8},"end":{"line":52,"column":8}}]},"6":{"line":56,"type":"binary-expr","locations":[{"start":{"line":56,"column":20},"end":{"line":56,"column":33}},{"start":{"line":56,"column":37},"end":{"line":56,"column":39}}]},"7":{"line":58,"type":"binary-expr","locations":[{"start":{"line":58,"column":22},"end":{"line":58,"column":29}},{"start":{"line":58,"column":33},"end":{"line":58,"column":41}}]},"8":{"line":73,"type":"binary-expr","locations":[{"start":{"line":73,"column":19},"end":{"line":73,"column":32}},{"start":{"line":73,"column":36},"end":{"line":73,"column":49}}]},"9":{"line":74,"type":"binary-expr","locations":[{"start":{"line":74,"column":19},"end":{"line":74,"column":32}},{"start":{"line":74,"column":36},"end":{"line":74,"column":49}}]},"10":{"line":75,"type":"binary-expr","locations":[{"start":{"line":75,"column":19},"end":{"line":75,"column":32}},{"start":{"line":75,"column":36},"end":{"line":75,"column":49}}]},"11":{"line":76,"type":"binary-expr","locations":[{"start":{"line":76,"column":19},"end":{"line":76,"column":32}},{"start":{"line":76,"column":36},"end":{"line":76,"column":49}}]},"12":{"line":79,"type":"if","locations":[{"start":{"line":79,"column":8},"end":{"line":79,"column":8}},{"start":{"line":79,"column":8},"end":{"line":79,"column":8}}]},"13":{"line":82,"type":"if","locations":[{"start":{"line":82,"column":8},"end":{"line":82,"column":8}},{"start":{"line":82,"column":8},"end":{"line":82,"column":8}}]},"14":{"line":85,"type":"if","locations":[{"start":{"line":85,"column":8},"end":{"line":85,"column":8}},{"start":{"line":85,"column":8},"end":{"line":85,"column":8}}]},"15":{"line":88,"type":"if","locations":[{"start":{"line":88,"column":8},"end":{"line":88,"column":8}},{"start":{"line":88,"column":8},"end":{"line":88,"column":8}}]},"16":{"line":94,"type":"if","locations":[{"start":{"line":94,"column":8},"end":{"line":94,"column":8}},{"start":{"line":94,"column":8},"end":{"line":94,"column":8}}]},"17":{"line":94,"type":"binary-expr","locations":[{"start":{"line":94,"column":12},"end":{"line":94,"column":25}},{"start":{"line":94,"column":29},"end":{"line":94,"column":34}}]},"18":{"line":97,"type":"if","locations":[{"start":{"line":97,"column":8},"end":{"line":97,"column":8}},{"start":{"line":97,"column":8},"end":{"line":97,"column":8}}]},"19":{"line":97,"type":"binary-expr","locations":[{"start":{"line":97,"column":12},"end":{"line":97,"column":25}},{"start":{"line":97,"column":29},"end":{"line":97,"column":34}}]},"20":{"line":110,"type":"if","locations":[{"start":{"line":110,"column":8},"end":{"line":110,"column":8}},{"start":{"line":110,"column":8},"end":{"line":110,"column":8}}]},"21":{"line":115,"type":"if","locations":[{"start":{"line":115,"column":8},"end":{"line":115,"column":8}},{"start":{"line":115,"column":8},"end":{"line":115,"column":8}}]},"22":{"line":120,"type":"if","locations":[{"start":{"line":120,"column":8},"end":{"line":120,"column":8}},{"start":{"line":120,"column":8},"end":{"line":120,"column":8}}]},"23":{"line":120,"type":"binary-expr","locations":[{"start":{"line":120,"column":12},"end":{"line":120,"column":31}},{"start":{"line":120,"column":35},"end":{"line":120,"column":73}}]},"24":{"line":124,"type":"if","locations":[{"start":{"line":124,"column":8},"end":{"line":124,"column":8}},{"start":{"line":124,"column":8},"end":{"line":124,"column":8}}]},"25":{"line":124,"type":"binary-expr","locations":[{"start":{"line":124,"column":14},"end":{"line":124,"column":43}},{"start":{"line":124,"column":47},"end":{"line":124,"column":77}}]},"26":{"line":128,"type":"if","locations":[{"start":{"line":128,"column":8},"end":{"line":128,"column":8}},{"start":{"line":128,"column":8},"end":{"line":128,"column":8}}]},"27":{"line":128,"type":"binary-expr","locations":[{"start":{"line":128,"column":14},"end":{"line":128,"column":26}},{"start":{"line":128,"column":30},"end":{"line":128,"column":42}}]},"28":{"line":132,"type":"if","locations":[{"start":{"line":132,"column":8},"end":{"line":132,"column":8}},{"start":{"line":132,"column":8},"end":{"line":132,"column":8}}]},"29":{"line":135,"type":"cond-expr","locations":[{"start":{"line":135,"column":33},"end":{"line":135,"column":57}},{"start":{"line":135,"column":60},"end":{"line":135,"column":85}}]},"30":{"line":138,"type":"if","locations":[{"start":{"line":138,"column":12},"end":{"line":138,"column":12}},{"start":{"line":138,"column":12},"end":{"line":138,"column":12}}]},"31":{"line":141,"type":"if","locations":[{"start":{"line":141,"column":16},"end":{"line":141,"column":16}},{"start":{"line":141,"column":16},"end":{"line":141,"column":16}}]},"32":{"line":147,"type":"if","locations":[{"start":{"line":147,"column":19},"end":{"line":147,"column":19}},{"start":{"line":147,"column":19},"end":{"line":147,"column":19}}]},"33":{"line":150,"type":"if","locations":[{"start":{"line":150,"column":16},"end":{"line":150,"column":16}},{"start":{"line":150,"column":16},"end":{"line":150,"column":16}}]},"34":{"line":156,"type":"if","locations":[{"start":{"line":156,"column":16},"end":{"line":156,"column":16}},{"start":{"line":156,"column":16},"end":{"line":156,"column":16}}]},"35":{"line":160,"type":"if","locations":[{"start":{"line":160,"column":20},"end":{"line":160,"column":20}},{"start":{"line":160,"column":20},"end":{"line":160,"column":20}}]},"36":{"line":180,"type":"if","locations":[{"start":{"line":180,"column":8},"end":{"line":180,"column":8}},{"start":{"line":180,"column":8},"end":{"line":180,"column":8}}]},"37":{"line":188,"type":"if","locations":[{"start":{"line":188,"column":8},"end":{"line":188,"column":8}},{"start":{"line":188,"column":8},"end":{"line":188,"column":8}}]},"38":{"line":210,"type":"if","locations":[{"start":{"line":210,"column":8},"end":{"line":210,"column":8}},{"start":{"line":210,"column":8},"end":{"line":210,"column":8}}]},"39":{"line":213,"type":"if","locations":[{"start":{"line":213,"column":8},"end":{"line":213,"column":8}},{"start":{"line":213,"column":8},"end":{"line":213,"column":8}}]},"40":{"line":213,"type":"binary-expr","locations":[{"start":{"line":213,"column":12},"end":{"line":213,"column":17}},{"start":{"line":213,"column":21},"end":{"line":213,"column":37}},{"start":{"line":213,"column":41},"end":{"line":213,"column":62}},{"start":{"line":213,"column":66},"end":{"line":213,"column":82}},{"start":{"line":213,"column":86},"end":{"line":213,"column":107}}]},"41":{"line":214,"type":"if","locations":[{"start":{"line":214,"column":12},"end":{"line":214,"column":12}},{"start":{"line":214,"column":12},"end":{"line":214,"column":12}}]},"42":{"line":217,"type":"if","locations":[{"start":{"line":217,"column":12},"end":{"line":217,"column":12}},{"start":{"line":217,"column":12},"end":{"line":217,"column":12}}]}}},"src/CustomGestures.js":{"path":"src/CustomGestures.js","s":{"1":1,"2":1,"3":1},"b":{},"f":{"1":1},"fnMap":{"1":{"name":"(anonymous_1)","line":2,"loc":{"start":{"line":2,"column":7},"end":{"line":2,"column":31}}}},"statementMap":{"1":{"start":{"line":2,"column":0},"end":{"line":5,"column":3}},"2":{"start":{"line":3,"column":4},"end":{"line":3,"column":22}},"3":{"start":{"line":4,"column":4},"end":{"line":4,"column":20}}},"branchMap":{}},"src/WheelEventSimulator.js":{"path":"src/WheelEventSimulator.js","s":{"1":1,"2":1,"3":0,"4":1,"5":1,"6":0,"7":1,"8":1,"9":1,"10":1,"11":13,"12":13,"13":13,"14":13,"15":1,"16":1,"17":1,"18":1,"19":18,"20":1,"21":17,"22":16,"23":1,"24":1,"25":18,"26":18,"27":18,"28":18,"29":1,"30":15,"31":15,"32":15,"33":15,"34":15,"35":8,"36":8,"37":8,"38":8,"39":8,"40":8,"41":7,"42":5,"43":5,"44":5,"45":5,"46":2,"47":13,"48":13,"49":12,"50":1,"51":13,"52":1},"b":{"1":[0,1],"2":[1,0],"3":[1,1],"4":[13,5],"5":[1,17],"6":[18,18],"7":[16,1],"8":[18,15],"9":[18,15],"10":[15,6],"11":[15,11],"12":[15,11],"13":[8,7],"14":[8,6],"15":[5,2],"16":[5,3],"17":[12,1]},"f":{"1":1,"2":1,"3":1,"4":13,"5":18,"6":18,"7":15},"fnMap":{"1":{"name":"(anonymous_1)","line":18,"loc":{"start":{"line":18,"column":1},"end":{"line":18,"column":25}}},"2":{"name":"(anonymous_2)","line":28,"loc":{"start":{"line":28,"column":8},"end":{"line":28,"column":19}}},"3":{"name":"polyfillCustomEventConstructor","line":36,"loc":{"start":{"line":36,"column":5},"end":{"line":36,"column":47}}},"4":{"name":"CustomEventPolyfill","line":41,"loc":{"start":{"line":41,"column":12},"end":{"line":41,"column":56}}},"5":{"name":"detectMouseWheelEvent","line":67,"loc":{"start":{"line":67,"column":4},"end":{"line":67,"column":45}}},"6":{"name":"(anonymous_6)","line":89,"loc":{"start":{"line":89,"column":30},"end":{"line":89,"column":53}}},"7":{"name":"(anonymous_7)","line":110,"loc":{"start":{"line":110,"column":18},"end":{"line":110,"column":51}}}},"statementMap":{"1":{"start":{"line":18,"column":0},"end":{"line":154,"column":4}},"2":{"start":{"line":19,"column":4},"end":{"line":27,"column":5}},"3":{"start":{"line":20,"column":8},"end":{"line":20,"column":35}},"4":{"start":{"line":22,"column":9},"end":{"line":27,"column":5}},"5":{"start":{"line":23,"column":8},"end":{"line":23,"column":55}},"6":{"start":{"line":26,"column":8},"end":{"line":26,"column":45}},"7":{"start":{"line":36,"column":4},"end":{"line":52,"column":9}},"8":{"start":{"line":37,"column":8},"end":{"line":51,"column":9}},"9":{"start":{"line":38,"column":12},"end":{"line":38,"column":40}},"10":{"start":{"line":41,"column":12},"end":{"line":46,"column":13}},"11":{"start":{"line":42,"column":16},"end":{"line":42,"column":92}},"12":{"start":{"line":43,"column":16},"end":{"line":43,"column":62}},"13":{"start":{"line":44,"column":16},"end":{"line":44,"column":93}},"14":{"start":{"line":45,"column":16},"end":{"line":45,"column":27}},"15":{"start":{"line":48,"column":12},"end":{"line":48,"column":67}},"16":{"start":{"line":50,"column":12},"end":{"line":50,"column":53}},"17":{"start":{"line":54,"column":4},"end":{"line":56,"column":6}},"18":{"start":{"line":67,"column":4},"end":{"line":82,"column":5}},"19":{"start":{"line":71,"column":8},"end":{"line":81,"column":9}},"20":{"start":{"line":72,"column":12},"end":{"line":72,"column":27}},"21":{"start":{"line":75,"column":13},"end":{"line":81,"column":9}},"22":{"start":{"line":76,"column":12},"end":{"line":76,"column":32}},"23":{"start":{"line":80,"column":12},"end":{"line":80,"column":36}},"24":{"start":{"line":89,"column":4},"end":{"line":97,"column":6}},"25":{"start":{"line":90,"column":8},"end":{"line":90,"column":42}},"26":{"start":{"line":91,"column":8},"end":{"line":93,"column":10}},"27":{"start":{"line":95,"column":8},"end":{"line":95,"column":38}},"28":{"start":{"line":96,"column":8},"end":{"line":96,"column":73}},"29":{"start":{"line":99,"column":4},"end":{"line":151,"column":6}},"30":{"start":{"line":111,"column":12},"end":{"line":111,"column":36}},"31":{"start":{"line":112,"column":12},"end":{"line":115,"column":14}},"32":{"start":{"line":117,"column":12},"end":{"line":117,"column":20}},"33":{"start":{"line":118,"column":12},"end":{"line":118,"column":43}},"34":{"start":{"line":120,"column":12},"end":{"line":140,"column":13}},"35":{"start":{"line":123,"column":16},"end":{"line":123,"column":86}},"36":{"start":{"line":124,"column":16},"end":{"line":124,"column":63}},"37":{"start":{"line":125,"column":16},"end":{"line":125,"column":45}},"38":{"start":{"line":126,"column":16},"end":{"line":126,"column":45}},"39":{"start":{"line":127,"column":16},"end":{"line":127,"column":31}},"40":{"start":{"line":128,"column":16},"end":{"line":128,"column":37}},"41":{"start":{"line":130,"column":17},"end":{"line":140,"column":13}},"42":{"start":{"line":133,"column":16},"end":{"line":133,"column":49}},"43":{"start":{"line":134,"column":16},"end":{"line":134,"column":71}},"44":{"start":{"line":135,"column":16},"end":{"line":135,"column":51}},"45":{"start":{"line":136,"column":16},"end":{"line":136,"column":51}},"46":{"start":{"line":139,"column":16},"end":{"line":139,"column":89}},"47":{"start":{"line":142,"column":12},"end":{"line":142,"column":23}},"48":{"start":{"line":143,"column":12},"end":{"line":148,"column":13}},"49":{"start":{"line":144,"column":16},"end":{"line":144,"column":39}},"50":{"start":{"line":147,"column":16},"end":{"line":147,"column":85}},"51":{"start":{"line":149,"column":12},"end":{"line":149,"column":38}},"52":{"start":{"line":153,"column":4},"end":{"line":153,"column":31}}},"branchMap":{"1":{"line":19,"type":"if","locations":[{"start":{"line":19,"column":4},"end":{"line":19,"column":4}},{"start":{"line":19,"column":4},"end":{"line":19,"column":4}}]},"2":{"line":22,"type":"if","locations":[{"start":{"line":22,"column":9},"end":{"line":22,"column":9}},{"start":{"line":22,"column":9},"end":{"line":22,"column":9}}]},"3":{"line":22,"type":"binary-expr","locations":[{"start":{"line":22,"column":13},"end":{"line":22,"column":41}},{"start":{"line":22,"column":45},"end":{"line":22,"column":55}}]},"4":{"line":42,"type":"binary-expr","locations":[{"start":{"line":42,"column":25},"end":{"line":42,"column":31}},{"start":{"line":42,"column":35},"end":{"line":42,"column":91}}]},"5":{"line":71,"type":"if","locations":[{"start":{"line":71,"column":8},"end":{"line":71,"column":8}},{"start":{"line":71,"column":8},"end":{"line":71,"column":8}}]},"6":{"line":71,"type":"binary-expr","locations":[{"start":{"line":71,"column":12},"end":{"line":71,"column":33}},{"start":{"line":71,"column":37},"end":{"line":71,"column":63}}]},"7":{"line":75,"type":"if","locations":[{"start":{"line":75,"column":13},"end":{"line":75,"column":13}},{"start":{"line":75,"column":13},"end":{"line":75,"column":13}}]},"8":{"line":90,"type":"binary-expr","locations":[{"start":{"line":90,"column":23},"end":{"line":90,"column":35}},{"start":{"line":90,"column":39},"end":{"line":90,"column":41}}]},"9":{"line":92,"type":"binary-expr","locations":[{"start":{"line":92,"column":20},"end":{"line":92,"column":39}},{"start":{"line":92,"column":43},"end":{"line":92,"column":69}}]},"10":{"line":111,"type":"binary-expr","locations":[{"start":{"line":111,"column":22},"end":{"line":111,"column":29}},{"start":{"line":111,"column":33},"end":{"line":111,"column":35}}]},"11":{"line":113,"type":"binary-expr","locations":[{"start":{"line":113,"column":24},"end":{"line":113,"column":38}},{"start":{"line":113,"column":42},"end":{"line":113,"column":43}}]},"12":{"line":114,"type":"binary-expr","locations":[{"start":{"line":114,"column":24},"end":{"line":114,"column":38}},{"start":{"line":114,"column":42},"end":{"line":114,"column":43}}]},"13":{"line":120,"type":"if","locations":[{"start":{"line":120,"column":12},"end":{"line":120,"column":12}},{"start":{"line":120,"column":12},"end":{"line":120,"column":12}}]},"14":{"line":124,"type":"binary-expr","locations":[{"start":{"line":124,"column":28},"end":{"line":124,"column":43}},{"start":{"line":124,"column":47},"end":{"line":124,"column":62}}]},"15":{"line":130,"type":"if","locations":[{"start":{"line":130,"column":17},"end":{"line":130,"column":17}},{"start":{"line":130,"column":17},"end":{"line":130,"column":17}}]},"16":{"line":134,"type":"binary-expr","locations":[{"start":{"line":134,"column":35},"end":{"line":134,"column":50}},{"start":{"line":134,"column":54},"end":{"line":134,"column":69}}]},"17":{"line":143,"type":"if","locations":[{"start":{"line":143,"column":12},"end":{"line":143,"column":12}},{"start":{"line":143,"column":12},"end":{"line":143,"column":12}}]}}}}